{"/home/vishaly/Desktop/my-blinkist-Backup/my-blinlist/src/App.tsx": {"path":"/home/vishaly/Desktop/my-blinkist-Backup/my-blinlist/src/App.tsx","statementMap":{"0":{"start":{"line":9,"column":39},"end":{"line":9,"column":49}},"1":{"start":{"line":10,"column":2},"end":{"line":13,"column":3}},"2":{"start":{"line":12,"column":4},"end":{"line":12,"column":32}},"3":{"start":{"line":14,"column":2},"end":{"line":27,"column":4}}},"fnMap":{"0":{"name":"App","decl":{"start":{"line":8,"column":9},"end":{"line":8,"column":12}},"loc":{"start":{"line":8,"column":15},"end":{"line":28,"column":1}},"line":8}},"branchMap":{"0":{"loc":{"start":{"line":10,"column":2},"end":{"line":13,"column":3}},"type":"if","locations":[{"start":{"line":10,"column":2},"end":{"line":13,"column":3}},{"start":{},"end":{}}],"line":10},"1":{"loc":{"start":{"line":18,"column":6},"end":{"line":18,"column":47}},"type":"cond-expr","locations":[{"start":{"line":18,"column":26},"end":{"line":18,"column":41}},{"start":{"line":18,"column":43},"end":{"line":18,"column":47}}],"line":18},"2":{"loc":{"start":{"line":22,"column":9},"end":{"line":23,"column":18}},"type":"binary-expr","locations":[{"start":{"line":22,"column":9},"end":{"line":22,"column":24}},{"start":{"line":23,"column":9},"end":{"line":23,"column":18}}],"line":22}},"s":{"0":0,"1":0,"2":0,"3":0},"f":{"0":0},"b":{"0":[0,0],"1":[0,0],"2":[0,0]}}
,"/home/vishaly/Desktop/my-blinkist-Backup/my-blinlist/src/Logout.tsx": {"path":"/home/vishaly/Desktop/my-blinkist-Backup/my-blinlist/src/Logout.tsx","statementMap":{"0":{"start":{"line":7,"column":16},"end":{"line":16,"column":2}},"1":{"start":{"line":19,"column":21},"end":{"line":32,"column":1}},"2":{"start":{"line":20,"column":36},"end":{"line":20,"column":46}},"3":{"start":{"line":21,"column":15},"end":{"line":21,"column":26}},"4":{"start":{"line":23,"column":2},"end":{"line":31,"column":3}},"5":{"start":{"line":26,"column":27},"end":{"line":26,"column":35}}},"fnMap":{"0":{"name":"(anonymous_0)","decl":{"start":{"line":19,"column":21},"end":{"line":19,"column":22}},"loc":{"start":{"line":19,"column":27},"end":{"line":32,"column":1}},"line":19},"1":{"name":"(anonymous_1)","decl":{"start":{"line":26,"column":21},"end":{"line":26,"column":22}},"loc":{"start":{"line":26,"column":27},"end":{"line":26,"column":35}},"line":26}},"branchMap":{"0":{"loc":{"start":{"line":25,"column":5},"end":{"line":28,"column":13}},"type":"binary-expr","locations":[{"start":{"line":25,"column":5},"end":{"line":25,"column":20}},{"start":{"line":26,"column":4},"end":{"line":28,"column":13}}],"line":25}},"s":{"0":4,"1":4,"2":0,"3":0,"4":0,"5":0},"f":{"0":0,"1":0},"b":{"0":[0,0]},"_coverageSchema":"1a1c01bbd47fc00a2c39e90264f33305004495a9","hash":"d8c6c8a20657100694bea6b87b65d4519071dc46"}
,"/home/vishaly/Desktop/my-blinkist-Backup/my-blinlist/src/index.tsx": {"path":"/home/vishaly/Desktop/my-blinkist-Backup/my-blinlist/src/index.tsx","statementMap":{"0":{"start":{"line":8,"column":10},"end":{"line":8,"column":37}},"1":{"start":{"line":9,"column":10},"end":{"line":9,"column":44}},"2":{"start":{"line":11,"column":13},"end":{"line":13,"column":1}},"3":{"start":{"line":14,"column":0},"end":{"line":23,"column":2}},"4":{"start":{"line":28,"column":0},"end":{"line":28,"column":18}}},"fnMap":{},"branchMap":{},"s":{"0":0,"1":0,"2":0,"3":0,"4":0},"f":{},"b":{}}
,"/home/vishaly/Desktop/my-blinkist-Backup/my-blinlist/src/loginButton.tsx": {"path":"/home/vishaly/Desktop/my-blinkist-Backup/my-blinlist/src/loginButton.tsx","statementMap":{"0":{"start":{"line":5,"column":17},"end":{"line":11,"column":2}},"1":{"start":{"line":15,"column":20},"end":{"line":41,"column":1}},"2":{"start":{"line":16,"column":32},"end":{"line":16,"column":42}},"3":{"start":{"line":17,"column":17},"end":{"line":17,"column":28}},"4":{"start":{"line":18,"column":2},"end":{"line":40,"column":3}},"5":{"start":{"line":36,"column":25},"end":{"line":36,"column":44}}},"fnMap":{"0":{"name":"(anonymous_0)","decl":{"start":{"line":15,"column":20},"end":{"line":15,"column":21}},"loc":{"start":{"line":15,"column":38},"end":{"line":41,"column":1}},"line":15},"1":{"name":"(anonymous_1)","decl":{"start":{"line":36,"column":19},"end":{"line":36,"column":20}},"loc":{"start":{"line":36,"column":25},"end":{"line":36,"column":44}},"line":36}},"branchMap":{},"s":{"0":0,"1":0,"2":0,"3":0,"4":0,"5":0},"f":{"0":0,"1":0},"b":{}}
,"/home/vishaly/Desktop/my-blinkist-Backup/my-blinlist/src/main.tsx": {"path":"/home/vishaly/Desktop/my-blinkist-Backup/my-blinlist/src/main.tsx","statementMap":{"0":{"start":{"line":9,"column":16},"end":{"line":13,"column":2}},"1":{"start":{"line":15,"column":15},"end":{"line":15,"column":26}},"2":{"start":{"line":16,"column":2},"end":{"line":26,"column":4}}},"fnMap":{"0":{"name":"Main1","decl":{"start":{"line":14,"column":9},"end":{"line":14,"column":14}},"loc":{"start":{"line":14,"column":17},"end":{"line":27,"column":1}},"line":14}},"branchMap":{},"s":{"0":0,"1":0,"2":0},"f":{"0":0},"b":{}}
,"/home/vishaly/Desktop/my-blinkist-Backup/my-blinlist/src/reportWebVitals.ts": {"path":"/home/vishaly/Desktop/my-blinkist-Backup/my-blinlist/src/reportWebVitals.ts","statementMap":{"0":{"start":{"line":3,"column":24},"end":{"line":13,"column":1}},"1":{"start":{"line":4,"column":2},"end":{"line":12,"column":3}},"2":{"start":{"line":5,"column":4},"end":{"line":11,"column":7}},"3":{"start":{"line":6,"column":6},"end":{"line":6,"column":26}},"4":{"start":{"line":7,"column":6},"end":{"line":7,"column":26}},"5":{"start":{"line":8,"column":6},"end":{"line":8,"column":26}},"6":{"start":{"line":9,"column":6},"end":{"line":9,"column":26}},"7":{"start":{"line":10,"column":6},"end":{"line":10,"column":27}}},"fnMap":{"0":{"name":"(anonymous_0)","decl":{"start":{"line":3,"column":24},"end":{"line":3,"column":25}},"loc":{"start":{"line":3,"column":57},"end":{"line":13,"column":1}},"line":3},"1":{"name":"(anonymous_1)","decl":{"start":{"line":5,"column":30},"end":{"line":5,"column":31}},"loc":{"start":{"line":5,"column":79},"end":{"line":11,"column":5}},"line":5}},"branchMap":{"0":{"loc":{"start":{"line":4,"column":2},"end":{"line":12,"column":3}},"type":"if","locations":[{"start":{"line":4,"column":2},"end":{"line":12,"column":3}},{"start":{},"end":{}}],"line":4},"1":{"loc":{"start":{"line":4,"column":6},"end":{"line":4,"column":52}},"type":"binary-expr","locations":[{"start":{"line":4,"column":6},"end":{"line":4,"column":17}},{"start":{"line":4,"column":21},"end":{"line":4,"column":52}}],"line":4}},"s":{"0":0,"1":0,"2":0,"3":0,"4":0,"5":0,"6":0,"7":0},"f":{"0":0,"1":0},"b":{"0":[0,0],"1":[0,0]}}
,"/home/vishaly/Desktop/my-blinkist-Backup/my-blinlist/src/api/api.tsx": {"path":"/home/vishaly/Desktop/my-blinkist-Backup/my-blinlist/src/api/api.tsx","statementMap":{},"fnMap":{},"branchMap":{},"s":{},"f":{},"b":{},"_coverageSchema":"1a1c01bbd47fc00a2c39e90264f33305004495a9","hash":"4c2d78cc24384149a9762afb0933f95966a1ee2d"}
,"/home/vishaly/Desktop/my-blinkist-Backup/my-blinlist/src/components/atoms/Avatar/index.stories.tsx": {"path":"/home/vishaly/Desktop/my-blinkist-Backup/my-blinlist/src/components/atoms/Avatar/index.stories.tsx","statementMap":{"0":{"start":{"line":15,"column":22},"end":{"line":15,"column":53}},"1":{"start":{"line":15,"column":28},"end":{"line":15,"column":53}}},"fnMap":{"0":{"name":"(anonymous_0)","decl":{"start":{"line":15,"column":22},"end":{"line":15,"column":23}},"loc":{"start":{"line":15,"column":28},"end":{"line":15,"column":53}},"line":15}},"branchMap":{},"s":{"0":0,"1":0},"f":{"0":0},"b":{}}
,"/home/vishaly/Desktop/my-blinkist-Backup/my-blinlist/src/components/atoms/Avatar/index.tsx": {"path":"/home/vishaly/Desktop/my-blinkist-Backup/my-blinlist/src/components/atoms/Avatar/index.tsx","statementMap":{"0":{"start":{"line":12,"column":4},"end":{"line":19,"column":6}}},"fnMap":{"0":{"name":"AvatarIcon","decl":{"start":{"line":10,"column":16},"end":{"line":10,"column":26}},"loc":{"start":{"line":10,"column":45},"end":{"line":21,"column":1}},"line":10}},"branchMap":{},"s":{"0":1},"f":{"0":1},"b":{},"_coverageSchema":"1a1c01bbd47fc00a2c39e90264f33305004495a9","hash":"3b8f5f8e109f3c9e693249e7adf646a7a6955289"}
,"/home/vishaly/Desktop/my-blinkist-Backup/my-blinlist/src/components/atoms/Button/index.stories.tsx": {"path":"/home/vishaly/Desktop/my-blinkist-Backup/my-blinlist/src/components/atoms/Button/index.stories.tsx","statementMap":{"0":{"start":{"line":16,"column":42},"end":{"line":16,"column":76}},"1":{"start":{"line":16,"column":49},"end":{"line":16,"column":76}},"2":{"start":{"line":18,"column":40},"end":{"line":18,"column":57}},"3":{"start":{"line":20,"column":0},"end":{"line":31,"column":1}},"4":{"start":{"line":33,"column":33},"end":{"line":33,"column":50}},"5":{"start":{"line":34,"column":0},"end":{"line":47,"column":1}},"6":{"start":{"line":49,"column":23},"end":{"line":49,"column":40}},"7":{"start":{"line":51,"column":0},"end":{"line":71,"column":1}},"8":{"start":{"line":73,"column":31},"end":{"line":73,"column":48}},"9":{"start":{"line":74,"column":0},"end":{"line":95,"column":1}},"10":{"start":{"line":96,"column":28},"end":{"line":96,"column":45}},"11":{"start":{"line":97,"column":0},"end":{"line":106,"column":1}}},"fnMap":{"0":{"name":"(anonymous_0)","decl":{"start":{"line":16,"column":42},"end":{"line":16,"column":43}},"loc":{"start":{"line":16,"column":49},"end":{"line":16,"column":76}},"line":16}},"branchMap":{},"s":{"0":0,"1":0,"2":0,"3":0,"4":0,"5":0,"6":0,"7":0,"8":0,"9":0,"10":0,"11":0},"f":{"0":0},"b":{}}
,"/home/vishaly/Desktop/my-blinkist-Backup/my-blinlist/src/components/atoms/Button/index.tsx": {"path":"/home/vishaly/Desktop/my-blinkist-Backup/my-blinlist/src/components/atoms/Button/index.tsx","statementMap":{"0":{"start":{"line":18,"column":34},"end":{"line":33,"column":1}},"1":{"start":{"line":19,"column":95},"end":{"line":19,"column":100}},"2":{"start":{"line":20,"column":2},"end":{"line":32,"column":3}}},"fnMap":{"0":{"name":"(anonymous_0)","decl":{"start":{"line":18,"column":34},"end":{"line":18,"column":35}},"loc":{"start":{"line":18,"column":49},"end":{"line":33,"column":1}},"line":18}},"branchMap":{},"s":{"0":8,"1":100,"2":100},"f":{"0":100},"b":{},"_coverageSchema":"1a1c01bbd47fc00a2c39e90264f33305004495a9","hash":"1100f16f1499ea01d21bef1dd57baa23232d709a"}
,"/home/vishaly/Desktop/my-blinkist-Backup/my-blinlist/src/components/atoms/Icon/index.stories.tsx": {"path":"/home/vishaly/Desktop/my-blinkist-Backup/my-blinlist/src/components/atoms/Icon/index.stories.tsx","statementMap":{"0":{"start":{"line":12,"column":36},"end":{"line":12,"column":64}},"1":{"start":{"line":12,"column":46},"end":{"line":12,"column":64}},"2":{"start":{"line":14,"column":24},"end":{"line":14,"column":41}},"3":{"start":{"line":15,"column":0},"end":{"line":19,"column":1}}},"fnMap":{"0":{"name":"(anonymous_0)","decl":{"start":{"line":12,"column":36},"end":{"line":12,"column":37}},"loc":{"start":{"line":12,"column":46},"end":{"line":12,"column":64}},"line":12}},"branchMap":{},"s":{"0":0,"1":0,"2":0,"3":0},"f":{"0":0},"b":{}}
,"/home/vishaly/Desktop/my-blinkist-Backup/my-blinlist/src/components/atoms/Icon/index.tsx": {"path":"/home/vishaly/Desktop/my-blinkist-Backup/my-blinlist/src/components/atoms/Icon/index.tsx","statementMap":{"0":{"start":{"line":10,"column":13},"end":{"line":15,"column":1}},"1":{"start":{"line":11,"column":41},"end":{"line":11,"column":46}},"2":{"start":{"line":12,"column":2},"end":{"line":14,"column":3}}},"fnMap":{"0":{"name":"(anonymous_0)","decl":{"start":{"line":10,"column":13},"end":{"line":10,"column":14}},"loc":{"start":{"line":10,"column":28},"end":{"line":15,"column":1}},"line":10}},"branchMap":{},"s":{"0":7,"1":27,"2":27},"f":{"0":27},"b":{},"_coverageSchema":"1a1c01bbd47fc00a2c39e90264f33305004495a9","hash":"e83683192e50dbec4339843038153d46e1ee6ef5"}
,"/home/vishaly/Desktop/my-blinkist-Backup/my-blinlist/src/components/atoms/IconButton/index.stories.tsx": {"path":"/home/vishaly/Desktop/my-blinkist-Backup/my-blinlist/src/components/atoms/IconButton/index.stories.tsx","statementMap":{"0":{"start":{"line":12,"column":30},"end":{"line":14,"column":1}},"1":{"start":{"line":13,"column":4},"end":{"line":13,"column":36}},"2":{"start":{"line":16,"column":31},"end":{"line":16,"column":48}},"3":{"start":{"line":17,"column":0},"end":{"line":19,"column":1}},"4":{"start":{"line":20,"column":33},"end":{"line":20,"column":50}},"5":{"start":{"line":21,"column":0},"end":{"line":23,"column":1}}},"fnMap":{"0":{"name":"(anonymous_0)","decl":{"start":{"line":12,"column":30},"end":{"line":12,"column":31}},"loc":{"start":{"line":13,"column":4},"end":{"line":13,"column":36}},"line":13}},"branchMap":{},"s":{"0":0,"1":0,"2":0,"3":0,"4":0,"5":0},"f":{"0":0},"b":{}}
,"/home/vishaly/Desktop/my-blinkist-Backup/my-blinlist/src/components/atoms/IconButton/index.tsx": {"path":"/home/vishaly/Desktop/my-blinkist-Backup/my-blinlist/src/components/atoms/IconButton/index.tsx","statementMap":{"0":{"start":{"line":11,"column":28},"end":{"line":22,"column":1}},"1":{"start":{"line":12,"column":43},"end":{"line":12,"column":48}},"2":{"start":{"line":13,"column":2},"end":{"line":21,"column":3}}},"fnMap":{"0":{"name":"(anonymous_0)","decl":{"start":{"line":11,"column":28},"end":{"line":11,"column":29}},"loc":{"start":{"line":11,"column":55},"end":{"line":22,"column":1}},"line":11}},"branchMap":{},"s":{"0":11,"1":269,"2":269},"f":{"0":269},"b":{},"_coverageSchema":"1a1c01bbd47fc00a2c39e90264f33305004495a9","hash":"cafbe33f5d9f8e43eaf0c54303500c6326f63543"}
,"/home/vishaly/Desktop/my-blinkist-Backup/my-blinlist/src/components/atoms/ProgressBar/index.tsx": {"path":"/home/vishaly/Desktop/my-blinkist-Backup/my-blinlist/src/components/atoms/ProgressBar/index.tsx","statementMap":{"0":{"start":{"line":8,"column":20},"end":{"line":17,"column":4}},"1":{"start":{"line":19,"column":4},"end":{"line":19,"column":73}},"2":{"start":{"line":21,"column":19},"end":{"line":27,"column":4}},"3":{"start":{"line":29,"column":2},"end":{"line":33,"column":4}}},"fnMap":{"0":{"name":"ProgressBar","decl":{"start":{"line":7,"column":9},"end":{"line":7,"column":20}},"loc":{"start":{"line":7,"column":53},"end":{"line":34,"column":1}},"line":7}},"branchMap":{"0":{"loc":{"start":{"line":19,"column":4},"end":{"line":19,"column":73}},"type":"cond-expr","locations":[{"start":{"line":19,"column":50},"end":{"line":19,"column":64}},{"start":{"line":19,"column":67},"end":{"line":19,"column":73}}],"line":19},"1":{"loc":{"start":{"line":19,"column":4},"end":{"line":19,"column":47}},"type":"binary-expr","locations":[{"start":{"line":19,"column":4},"end":{"line":19,"column":26}},{"start":{"line":19,"column":30},"end":{"line":19,"column":47}}],"line":19}},"s":{"0":4,"1":4,"2":4,"3":4},"f":{"0":4},"b":{"0":[4,0],"1":[4,4]},"_coverageSchema":"1a1c01bbd47fc00a2c39e90264f33305004495a9","hash":"bb203fe48fa8465a1b015885ec1b9ba7d6ff685d"}
,"/home/vishaly/Desktop/my-blinkist-Backup/my-blinlist/src/components/atoms/Typography/index.tsx": {"path":"/home/vishaly/Desktop/my-blinkist-Backup/my-blinlist/src/components/atoms/Typography/index.tsx","statementMap":{"0":{"start":{"line":29,"column":28},"end":{"line":35,"column":1}},"1":{"start":{"line":30,"column":2},"end":{"line":34,"column":3}}},"fnMap":{"0":{"name":"(anonymous_0)","decl":{"start":{"line":29,"column":28},"end":{"line":29,"column":29}},"loc":{"start":{"line":29,"column":56},"end":{"line":35,"column":1}},"line":29}},"branchMap":{},"s":{"0":1,"1":4},"f":{"0":4},"b":{},"_coverageSchema":"1a1c01bbd47fc00a2c39e90264f33305004495a9","hash":"03d73d36aacbef6c61df75712db30b181c3a6bf8"}
,"/home/vishaly/Desktop/my-blinkist-Backup/my-blinlist/src/components/molecules/Banner/index.stories.tsx": {"path":"/home/vishaly/Desktop/my-blinkist-Backup/my-blinlist/src/components/molecules/Banner/index.stories.tsx","statementMap":{"0":{"start":{"line":9,"column":48},"end":{"line":9,"column":64}},"1":{"start":{"line":9,"column":54},"end":{"line":9,"column":64}},"2":{"start":{"line":11,"column":38},"end":{"line":11,"column":55}},"3":{"start":{"line":12,"column":0},"end":{"line":14,"column":1}}},"fnMap":{"0":{"name":"(anonymous_0)","decl":{"start":{"line":9,"column":48},"end":{"line":9,"column":49}},"loc":{"start":{"line":9,"column":54},"end":{"line":9,"column":64}},"line":9}},"branchMap":{},"s":{"0":0,"1":0,"2":0,"3":0},"f":{"0":0},"b":{}}
,"/home/vishaly/Desktop/my-blinkist-Backup/my-blinlist/src/components/molecules/Banner/index.tsx": {"path":"/home/vishaly/Desktop/my-blinkist-Backup/my-blinlist/src/components/molecules/Banner/index.tsx","statementMap":{"0":{"start":{"line":14,"column":28},"end":{"line":21,"column":2}},"1":{"start":{"line":23,"column":28},"end":{"line":32,"column":2}},"2":{"start":{"line":33,"column":25},"end":{"line":39,"column":2}},"3":{"start":{"line":40,"column":28},"end":{"line":45,"column":2}},"4":{"start":{"line":47,"column":23},"end":{"line":47,"column":40}},"5":{"start":{"line":49,"column":22},"end":{"line":70,"column":1}},"6":{"start":{"line":50,"column":2},"end":{"line":69,"column":4}}},"fnMap":{"0":{"name":"(anonymous_0)","decl":{"start":{"line":49,"column":22},"end":{"line":49,"column":23}},"loc":{"start":{"line":49,"column":45},"end":{"line":70,"column":1}},"line":49}},"branchMap":{},"s":{"0":2,"1":2,"2":2,"3":2,"4":2,"5":2,"6":2},"f":{"0":2},"b":{},"_coverageSchema":"1a1c01bbd47fc00a2c39e90264f33305004495a9","hash":"13d870ebe81d3b65651e8618ee5655a0c62e54e3"}
,"/home/vishaly/Desktop/my-blinkist-Backup/my-blinlist/src/components/molecules/Dropdown/index.stories.tsx": {"path":"/home/vishaly/Desktop/my-blinkist-Backup/my-blinlist/src/components/molecules/Dropdown/index.stories.tsx","statementMap":{"0":{"start":{"line":9,"column":29},"end":{"line":9,"column":59}},"1":{"start":{"line":9,"column":37},"end":{"line":9,"column":59}},"2":{"start":{"line":11,"column":31},"end":{"line":11,"column":48}},"3":{"start":{"line":12,"column":0},"end":{"line":14,"column":1}},"4":{"start":{"line":16,"column":31},"end":{"line":16,"column":48}},"5":{"start":{"line":17,"column":0},"end":{"line":19,"column":1}}},"fnMap":{"0":{"name":"(anonymous_0)","decl":{"start":{"line":9,"column":29},"end":{"line":9,"column":30}},"loc":{"start":{"line":9,"column":37},"end":{"line":9,"column":59}},"line":9}},"branchMap":{},"s":{"0":0,"1":0,"2":0,"3":0,"4":0,"5":0},"f":{"0":0},"b":{}}
,"/home/vishaly/Desktop/my-blinkist-Backup/my-blinlist/src/components/molecules/Dropdown/index.tsx": {"path":"/home/vishaly/Desktop/my-blinkist-Backup/my-blinlist/src/components/molecules/Dropdown/index.tsx","statementMap":{"0":{"start":{"line":7,"column":18},"end":{"line":27,"column":2}},"1":{"start":{"line":36,"column":24},"end":{"line":54,"column":1}},"2":{"start":{"line":37,"column":15},"end":{"line":37,"column":26}},"3":{"start":{"line":38,"column":43},"end":{"line":38,"column":48}},"4":{"start":{"line":39,"column":2},"end":{"line":53,"column":4}}},"fnMap":{"0":{"name":"(anonymous_0)","decl":{"start":{"line":36,"column":24},"end":{"line":36,"column":25}},"loc":{"start":{"line":36,"column":50},"end":{"line":54,"column":1}},"line":36}},"branchMap":{"0":{"loc":{"start":{"line":42,"column":9},"end":{"line":48,"column":9}},"type":"cond-expr","locations":[{"start":{"line":43,"column":10},"end":{"line":43,"column":50}},{"start":{"line":45,"column":12},"end":{"line":47,"column":25}}],"line":42}},"s":{"0":5,"1":5,"2":10,"3":10,"4":10},"f":{"0":10},"b":{"0":[5,5]},"_coverageSchema":"1a1c01bbd47fc00a2c39e90264f33305004495a9","hash":"d9b50ab4a24e636653330b535e233e4b9bde53b6"}
,"/home/vishaly/Desktop/my-blinkist-Backup/my-blinlist/src/components/molecules/FooterNav/index.stories.tsx": {"path":"/home/vishaly/Desktop/my-blinkist-Backup/my-blinlist/src/components/molecules/FooterNav/index.stories.tsx","statementMap":{"0":{"start":{"line":10,"column":38},"end":{"line":10,"column":69}},"1":{"start":{"line":10,"column":46},"end":{"line":10,"column":69}},"2":{"start":{"line":12,"column":34},"end":{"line":12,"column":51}},"3":{"start":{"line":13,"column":0},"end":{"line":16,"column":1}}},"fnMap":{"0":{"name":"(anonymous_0)","decl":{"start":{"line":10,"column":38},"end":{"line":10,"column":39}},"loc":{"start":{"line":10,"column":46},"end":{"line":10,"column":69}},"line":10}},"branchMap":{},"s":{"0":0,"1":0,"2":0,"3":0},"f":{"0":0},"b":{}}
,"/home/vishaly/Desktop/my-blinkist-Backup/my-blinlist/src/components/molecules/FooterNav/index.tsx": {"path":"/home/vishaly/Desktop/my-blinkist-Backup/my-blinlist/src/components/molecules/FooterNav/index.tsx","statementMap":{"0":{"start":{"line":4,"column":20},"end":{"line":7,"column":2}},"1":{"start":{"line":9,"column":12},"end":{"line":11,"column":2}},"2":{"start":{"line":18,"column":25},"end":{"line":33,"column":1}},"3":{"start":{"line":19,"column":22},"end":{"line":19,"column":27}},"4":{"start":{"line":21,"column":2},"end":{"line":32,"column":4}},"5":{"start":{"line":25,"column":8},"end":{"line":29,"column":10}}},"fnMap":{"0":{"name":"(anonymous_0)","decl":{"start":{"line":18,"column":25},"end":{"line":18,"column":26}},"loc":{"start":{"line":18,"column":52},"end":{"line":33,"column":1}},"line":18},"1":{"name":"(anonymous_1)","decl":{"start":{"line":24,"column":16},"end":{"line":24,"column":17}},"loc":{"start":{"line":24,"column":31},"end":{"line":30,"column":7}},"line":24}},"branchMap":{},"s":{"0":5,"1":5,"2":5,"3":12,"4":12,"5":52},"f":{"0":12,"1":52},"b":{},"_coverageSchema":"1a1c01bbd47fc00a2c39e90264f33305004495a9","hash":"45ff8b00faacad81f16085caa2c1c476fb429fc8"}
,"/home/vishaly/Desktop/my-blinkist-Backup/my-blinlist/src/components/molecules/IconAndText/index.stories.tsx": {"path":"/home/vishaly/Desktop/my-blinkist-Backup/my-blinlist/src/components/molecules/IconAndText/index.stories.tsx","statementMap":{"0":{"start":{"line":12,"column":42},"end":{"line":12,"column":75}},"1":{"start":{"line":12,"column":50},"end":{"line":12,"column":75}},"2":{"start":{"line":14,"column":24},"end":{"line":14,"column":41}},"3":{"start":{"line":15,"column":0},"end":{"line":19,"column":2}},"4":{"start":{"line":21,"column":24},"end":{"line":21,"column":41}},"5":{"start":{"line":22,"column":0},"end":{"line":26,"column":2}},"6":{"start":{"line":28,"column":32},"end":{"line":28,"column":49}},"7":{"start":{"line":29,"column":0},"end":{"line":33,"column":2}}},"fnMap":{"0":{"name":"(anonymous_0)","decl":{"start":{"line":12,"column":42},"end":{"line":12,"column":43}},"loc":{"start":{"line":12,"column":50},"end":{"line":12,"column":75}},"line":12}},"branchMap":{},"s":{"0":0,"1":0,"2":0,"3":0,"4":0,"5":0,"6":0,"7":0},"f":{"0":0},"b":{}}
,"/home/vishaly/Desktop/my-blinkist-Backup/my-blinlist/src/components/molecules/IconAndText/index.tsx": {"path":"/home/vishaly/Desktop/my-blinkist-Backup/my-blinlist/src/components/molecules/IconAndText/index.tsx","statementMap":{"0":{"start":{"line":26,"column":18},"end":{"line":34,"column":2}},"1":{"start":{"line":36,"column":27},"end":{"line":53,"column":1}},"2":{"start":{"line":37,"column":57},"end":{"line":37,"column":62}},"3":{"start":{"line":38,"column":14},"end":{"line":38,"column":25}},"4":{"start":{"line":39,"column":2},"end":{"line":52,"column":4}}},"fnMap":{"0":{"name":"(anonymous_0)","decl":{"start":{"line":36,"column":27},"end":{"line":36,"column":28}},"loc":{"start":{"line":36,"column":56},"end":{"line":53,"column":1}},"line":36}},"branchMap":{},"s":{"0":10,"1":10,"2":267,"3":267,"4":267},"f":{"0":267},"b":{},"_coverageSchema":"1a1c01bbd47fc00a2c39e90264f33305004495a9","hash":"e4709abe6bc32e217e6ff8393274ab9236e11971"}
,"/home/vishaly/Desktop/my-blinkist-Backup/my-blinlist/src/components/molecules/SearchBar/index.stories.tsx": {"path":"/home/vishaly/Desktop/my-blinkist-Backup/my-blinlist/src/components/molecules/SearchBar/index.stories.tsx","statementMap":{"0":{"start":{"line":9,"column":60},"end":{"line":9,"column":88}},"1":{"start":{"line":9,"column":66},"end":{"line":9,"column":88}},"2":{"start":{"line":11,"column":25},"end":{"line":11,"column":42}}},"fnMap":{"0":{"name":"(anonymous_0)","decl":{"start":{"line":9,"column":60},"end":{"line":9,"column":61}},"loc":{"start":{"line":9,"column":66},"end":{"line":9,"column":88}},"line":9}},"branchMap":{},"s":{"0":0,"1":0,"2":0},"f":{"0":0},"b":{}}
,"/home/vishaly/Desktop/my-blinkist-Backup/my-blinlist/src/components/molecules/SearchBar/index.tsx": {"path":"/home/vishaly/Desktop/my-blinkist-Backup/my-blinlist/src/components/molecules/SearchBar/index.tsx","statementMap":{"0":{"start":{"line":8,"column":18},"end":{"line":38,"column":2}},"1":{"start":{"line":40,"column":34},"end":{"line":59,"column":1}},"2":{"start":{"line":41,"column":30},"end":{"line":41,"column":42}},"3":{"start":{"line":42,"column":18},"end":{"line":42,"column":29}},"4":{"start":{"line":43,"column":2},"end":{"line":58,"column":4}},"5":{"start":{"line":53,"column":25},"end":{"line":53,"column":50}}},"fnMap":{"0":{"name":"(anonymous_0)","decl":{"start":{"line":40,"column":34},"end":{"line":40,"column":35}},"loc":{"start":{"line":40,"column":40},"end":{"line":59,"column":1}},"line":40},"1":{"name":"(anonymous_1)","decl":{"start":{"line":53,"column":20},"end":{"line":53,"column":21}},"loc":{"start":{"line":53,"column":25},"end":{"line":53,"column":50}},"line":53}},"branchMap":{},"s":{"0":1,"1":1,"2":2,"3":2,"4":2,"5":1},"f":{"0":2,"1":1},"b":{},"_coverageSchema":"1a1c01bbd47fc00a2c39e90264f33305004495a9","hash":"39b7cb782e6c8a0999e6b0a1110d490fe3ba8b50"}
,"/home/vishaly/Desktop/my-blinkist-Backup/my-blinlist/src/components/molecules/Tabs/index.stories.tsx": {"path":"/home/vishaly/Desktop/my-blinkist-Backup/my-blinlist/src/components/molecules/Tabs/index.stories.tsx","statementMap":{"0":{"start":{"line":9,"column":55},"end":{"line":9,"column":78}},"1":{"start":{"line":9,"column":61},"end":{"line":9,"column":78}},"2":{"start":{"line":11,"column":47},"end":{"line":11,"column":64}},"3":{"start":{"line":12,"column":0},"end":{"line":14,"column":1}}},"fnMap":{"0":{"name":"(anonymous_0)","decl":{"start":{"line":9,"column":55},"end":{"line":9,"column":56}},"loc":{"start":{"line":9,"column":61},"end":{"line":9,"column":78}},"line":9}},"branchMap":{},"s":{"0":0,"1":0,"2":0,"3":0},"f":{"0":0},"b":{}}
,"/home/vishaly/Desktop/my-blinkist-Backup/my-blinlist/src/components/molecules/Tabs/index.tsx": {"path":"/home/vishaly/Desktop/my-blinkist-Backup/my-blinlist/src/components/molecules/Tabs/index.tsx","statementMap":{"0":{"start":{"line":6,"column":18},"end":{"line":11,"column":3}},"1":{"start":{"line":6,"column":36},"end":{"line":11,"column":1}},"2":{"start":{"line":13,"column":29},"end":{"line":63,"column":1}},"3":{"start":{"line":14,"column":28},"end":{"line":14,"column":41}},"4":{"start":{"line":15,"column":28},"end":{"line":15,"column":47}},"5":{"start":{"line":16,"column":23},"end":{"line":20,"column":3}},"6":{"start":{"line":17,"column":4},"end":{"line":17,"column":22}},"7":{"start":{"line":18,"column":4},"end":{"line":18,"column":23}},"8":{"start":{"line":19,"column":4},"end":{"line":19,"column":20}},"9":{"start":{"line":22,"column":16},"end":{"line":22,"column":27}},"10":{"start":{"line":24,"column":2},"end":{"line":62,"column":4}}},"fnMap":{"0":{"name":"(anonymous_0)","decl":{"start":{"line":6,"column":29},"end":{"line":6,"column":30}},"loc":{"start":{"line":6,"column":36},"end":{"line":11,"column":1}},"line":6},"1":{"name":"(anonymous_1)","decl":{"start":{"line":13,"column":29},"end":{"line":13,"column":30}},"loc":{"start":{"line":13,"column":35},"end":{"line":63,"column":1}},"line":13},"2":{"name":"(anonymous_2)","decl":{"start":{"line":16,"column":23},"end":{"line":16,"column":24}},"loc":{"start":{"line":16,"column":74},"end":{"line":20,"column":3}},"line":16}},"branchMap":{},"s":{"0":1,"1":1,"2":1,"3":1,"4":1,"5":1,"6":0,"7":0,"8":0,"9":1,"10":1},"f":{"0":1,"1":1,"2":0},"b":{},"_coverageSchema":"1a1c01bbd47fc00a2c39e90264f33305004495a9","hash":"ae67147d57f8a74cd7137dc3fdadfd3e16ba8ae7"}
,"/home/vishaly/Desktop/my-blinkist-Backup/my-blinlist/src/components/organisms/AboutBook/index.stories.tsx": {"path":"/home/vishaly/Desktop/my-blinkist-Backup/my-blinlist/src/components/organisms/AboutBook/index.stories.tsx","statementMap":{"0":{"start":{"line":9,"column":49},"end":{"line":9,"column":69}},"1":{"start":{"line":9,"column":55},"end":{"line":9,"column":69}},"2":{"start":{"line":11,"column":29},"end":{"line":11,"column":46}},"3":{"start":{"line":12,"column":0},"end":{"line":14,"column":1}}},"fnMap":{"0":{"name":"(anonymous_0)","decl":{"start":{"line":9,"column":49},"end":{"line":9,"column":50}},"loc":{"start":{"line":9,"column":55},"end":{"line":9,"column":69}},"line":9}},"branchMap":{},"s":{"0":0,"1":0,"2":0,"3":0},"f":{"0":0},"b":{}}
,"/home/vishaly/Desktop/my-blinkist-Backup/my-blinlist/src/components/organisms/AboutBook/index.tsx": {"path":"/home/vishaly/Desktop/my-blinkist-Backup/my-blinlist/src/components/organisms/AboutBook/index.tsx","statementMap":{"0":{"start":{"line":10,"column":16},"end":{"line":38,"column":2}},"1":{"start":{"line":40,"column":22},"end":{"line":43,"column":2}},"2":{"start":{"line":45,"column":25},"end":{"line":134,"column":1}},"3":{"start":{"line":46,"column":28},"end":{"line":46,"column":41}},"4":{"start":{"line":47,"column":23},"end":{"line":50,"column":3}},"5":{"start":{"line":48,"column":4},"end":{"line":48,"column":22}},"6":{"start":{"line":49,"column":4},"end":{"line":49,"column":23}},"7":{"start":{"line":52,"column":15},"end":{"line":52,"column":26}},"8":{"start":{"line":54,"column":2},"end":{"line":133,"column":4}}},"fnMap":{"0":{"name":"(anonymous_0)","decl":{"start":{"line":45,"column":25},"end":{"line":45,"column":26}},"loc":{"start":{"line":45,"column":31},"end":{"line":134,"column":1}},"line":45},"1":{"name":"(anonymous_1)","decl":{"start":{"line":47,"column":23},"end":{"line":47,"column":24}},"loc":{"start":{"line":47,"column":74},"end":{"line":50,"column":3}},"line":47}},"branchMap":{},"s":{"0":3,"1":3,"2":3,"3":3,"4":3,"5":0,"6":0,"7":3,"8":3},"f":{"0":3,"1":0},"b":{},"_coverageSchema":"1a1c01bbd47fc00a2c39e90264f33305004495a9","hash":"1e7db4601a147d7bbb9a6d0faa7bb3ca7142b4ef"}
,"/home/vishaly/Desktop/my-blinkist-Backup/my-blinlist/src/components/organisms/BookCategories/index.stories.tsx": {"path":"/home/vishaly/Desktop/my-blinkist-Backup/my-blinlist/src/components/organisms/BookCategories/index.stories.tsx","statementMap":{"0":{"start":{"line":11,"column":52},"end":{"line":11,"column":114}},"1":{"start":{"line":11,"column":60},"end":{"line":11,"column":114}},"2":{"start":{"line":13,"column":24},"end":{"line":13,"column":41}},"3":{"start":{"line":14,"column":0},"end":{"line":18,"column":1}},"4":{"start":{"line":20,"column":25},"end":{"line":20,"column":42}},"5":{"start":{"line":21,"column":0},"end":{"line":25,"column":1}},"6":{"start":{"line":27,"column":24},"end":{"line":27,"column":41}},"7":{"start":{"line":28,"column":0},"end":{"line":32,"column":1}}},"fnMap":{"0":{"name":"(anonymous_0)","decl":{"start":{"line":11,"column":52},"end":{"line":11,"column":53}},"loc":{"start":{"line":11,"column":60},"end":{"line":11,"column":114}},"line":11}},"branchMap":{},"s":{"0":0,"1":0,"2":0,"3":0,"4":0,"5":0,"6":0,"7":0},"f":{"0":0},"b":{}}
,"/home/vishaly/Desktop/my-blinkist-Backup/my-blinlist/src/components/organisms/BookCategories/index.tsx": {"path":"/home/vishaly/Desktop/my-blinkist-Backup/my-blinlist/src/components/organisms/BookCategories/index.tsx","statementMap":{"0":{"start":{"line":27,"column":20},"end":{"line":33,"column":2}},"1":{"start":{"line":35,"column":16},"end":{"line":41,"column":2}},"2":{"start":{"line":43,"column":19},"end":{"line":125,"column":3}},"3":{"start":{"line":44,"column":24},"end":{"line":44,"column":29}},"4":{"start":{"line":45,"column":36},"end":{"line":45,"column":50}},"5":{"start":{"line":46,"column":29},"end":{"line":46,"column":41}},"6":{"start":{"line":47,"column":17},"end":{"line":47,"column":28}},"7":{"start":{"line":48,"column":4},"end":{"line":48,"column":30}},"8":{"start":{"line":49,"column":4},"end":{"line":49,"column":38}},"9":{"start":{"line":50,"column":23},"end":{"line":50,"column":35}},"10":{"start":{"line":51,"column":4},"end":{"line":51,"column":29}},"11":{"start":{"line":52,"column":4},"end":{"line":52,"column":29}},"12":{"start":{"line":54,"column":22},"end":{"line":68,"column":5}},"13":{"start":{"line":55,"column":6},"end":{"line":67,"column":7}},"14":{"start":{"line":56,"column":8},"end":{"line":56,"column":71}},"15":{"start":{"line":56,"column":46},"end":{"line":56,"column":68}},"16":{"start":{"line":57,"column":8},"end":{"line":57,"column":28}},"17":{"start":{"line":59,"column":13},"end":{"line":67,"column":7}},"18":{"start":{"line":60,"column":10},"end":{"line":60,"column":72}},"19":{"start":{"line":60,"column":48},"end":{"line":60,"column":70}},"20":{"start":{"line":61,"column":10},"end":{"line":61,"column":30}},"21":{"start":{"line":64,"column":11},"end":{"line":67,"column":7}},"22":{"start":{"line":65,"column":8},"end":{"line":65,"column":70}},"23":{"start":{"line":65,"column":46},"end":{"line":65,"column":67}},"24":{"start":{"line":66,"column":8},"end":{"line":66,"column":30}},"25":{"start":{"line":70,"column":4},"end":{"line":78,"column":17}},"26":{"start":{"line":71,"column":6},"end":{"line":77,"column":7}},"27":{"start":{"line":72,"column":8},"end":{"line":72,"column":32}},"28":{"start":{"line":73,"column":13},"end":{"line":77,"column":7}},"29":{"start":{"line":74,"column":8},"end":{"line":74,"column":32}},"30":{"start":{"line":76,"column":8},"end":{"line":76,"column":33}},"31":{"start":{"line":80,"column":4},"end":{"line":124,"column":6}},"32":{"start":{"line":86,"column":12},"end":{"line":120,"column":13}},"33":{"start":{"line":87,"column":12},"end":{"line":100,"column":14}},"34":{"start":{"line":102,"column":14},"end":{"line":119,"column":15}},"35":{"start":{"line":104,"column":16},"end":{"line":117,"column":18}}},"fnMap":{"0":{"name":"(anonymous_0)","decl":{"start":{"line":43,"column":19},"end":{"line":43,"column":20}},"loc":{"start":{"line":43,"column":38},"end":{"line":125,"column":3}},"line":43},"1":{"name":"(anonymous_1)","decl":{"start":{"line":54,"column":22},"end":{"line":54,"column":23}},"loc":{"start":{"line":54,"column":49},"end":{"line":68,"column":5}},"line":54},"2":{"name":"(anonymous_2)","decl":{"start":{"line":56,"column":36},"end":{"line":56,"column":37}},"loc":{"start":{"line":56,"column":46},"end":{"line":56,"column":68}},"line":56},"3":{"name":"(anonymous_3)","decl":{"start":{"line":60,"column":38},"end":{"line":60,"column":39}},"loc":{"start":{"line":60,"column":48},"end":{"line":60,"column":70}},"line":60},"4":{"name":"(anonymous_4)","decl":{"start":{"line":65,"column":36},"end":{"line":65,"column":37}},"loc":{"start":{"line":65,"column":46},"end":{"line":65,"column":67}},"line":65},"5":{"name":"(anonymous_5)","decl":{"start":{"line":70,"column":14},"end":{"line":70,"column":15}},"loc":{"start":{"line":70,"column":20},"end":{"line":78,"column":5}},"line":70},"6":{"name":"(anonymous_6)","decl":{"start":{"line":85,"column":24},"end":{"line":85,"column":25}},"loc":{"start":{"line":85,"column":39},"end":{"line":121,"column":11}},"line":85}},"branchMap":{"0":{"loc":{"start":{"line":55,"column":6},"end":{"line":67,"column":7}},"type":"if","locations":[{"start":{"line":55,"column":6},"end":{"line":67,"column":7}},{"start":{"line":59,"column":13},"end":{"line":67,"column":7}}],"line":55},"1":{"loc":{"start":{"line":59,"column":13},"end":{"line":67,"column":7}},"type":"if","locations":[{"start":{"line":59,"column":13},"end":{"line":67,"column":7}},{"start":{"line":64,"column":11},"end":{"line":67,"column":7}}],"line":59},"2":{"loc":{"start":{"line":64,"column":11},"end":{"line":67,"column":7}},"type":"if","locations":[{"start":{"line":64,"column":11},"end":{"line":67,"column":7}},{"start":{},"end":{}}],"line":64},"3":{"loc":{"start":{"line":71,"column":6},"end":{"line":77,"column":7}},"type":"if","locations":[{"start":{"line":71,"column":6},"end":{"line":77,"column":7}},{"start":{"line":73,"column":13},"end":{"line":77,"column":7}}],"line":71},"4":{"loc":{"start":{"line":73,"column":13},"end":{"line":77,"column":7}},"type":"if","locations":[{"start":{"line":73,"column":13},"end":{"line":77,"column":7}},{"start":{"line":75,"column":13},"end":{"line":77,"column":7}}],"line":73},"5":{"loc":{"start":{"line":86,"column":12},"end":{"line":120,"column":13}},"type":"if","locations":[{"start":{"line":86,"column":12},"end":{"line":120,"column":13}},{"start":{"line":101,"column":17},"end":{"line":120,"column":13}}],"line":86},"6":{"loc":{"start":{"line":102,"column":14},"end":{"line":119,"column":15}},"type":"if","locations":[{"start":{"line":102,"column":14},"end":{"line":119,"column":15}},{"start":{},"end":{}}],"line":102},"7":{"loc":{"start":{"line":102,"column":17},"end":{"line":103,"column":64}},"type":"binary-expr","locations":[{"start":{"line":102,"column":18},"end":{"line":102,"column":67}},{"start":{"line":103,"column":15},"end":{"line":103,"column":63}}],"line":102}},"s":{"0":2,"1":2,"2":2,"3":12,"4":12,"5":12,"6":12,"7":12,"8":12,"9":12,"10":12,"11":12,"12":12,"13":6,"14":2,"15":22,"16":2,"17":4,"18":2,"19":22,"20":2,"21":2,"22":2,"23":22,"24":2,"25":12,"26":6,"27":2,"28":4,"29":2,"30":2,"31":12,"32":90,"33":45,"34":45,"35":45},"f":{"0":12,"1":6,"2":22,"3":22,"4":22,"5":6,"6":90},"b":{"0":[2,4],"1":[2,2],"2":[2,0],"3":[2,4],"4":[2,2],"5":[45,45],"6":[45,0],"7":[45,0]},"_coverageSchema":"1a1c01bbd47fc00a2c39e90264f33305004495a9","hash":"85d61b51f4a059d810b465439263f1d1a8d92014"}
,"/home/vishaly/Desktop/my-blinkist-Backup/my-blinlist/src/components/organisms/BookDescription/index.stories.tsx": {"path":"/home/vishaly/Desktop/my-blinkist-Backup/my-blinlist/src/components/organisms/BookDescription/index.stories.tsx","statementMap":{"0":{"start":{"line":10,"column":55},"end":{"line":10,"column":80}},"1":{"start":{"line":10,"column":61},"end":{"line":10,"column":80}},"2":{"start":{"line":12,"column":35},"end":{"line":12,"column":52}},"3":{"start":{"line":13,"column":0},"end":{"line":15,"column":1}}},"fnMap":{"0":{"name":"(anonymous_0)","decl":{"start":{"line":10,"column":55},"end":{"line":10,"column":56}},"loc":{"start":{"line":10,"column":61},"end":{"line":10,"column":80}},"line":10}},"branchMap":{},"s":{"0":0,"1":0,"2":0,"3":0},"f":{"0":0},"b":{}}
,"/home/vishaly/Desktop/my-blinkist-Backup/my-blinlist/src/components/organisms/BookDescription/index.tsx": {"path":"/home/vishaly/Desktop/my-blinkist-Backup/my-blinlist/src/components/organisms/BookDescription/index.tsx","statementMap":{"0":{"start":{"line":17,"column":20},"end":{"line":23,"column":2}},"1":{"start":{"line":25,"column":20},"end":{"line":28,"column":2}},"2":{"start":{"line":30,"column":24},"end":{"line":33,"column":2}},"3":{"start":{"line":35,"column":27},"end":{"line":41,"column":2}},"4":{"start":{"line":43,"column":24},"end":{"line":47,"column":2}},"5":{"start":{"line":49,"column":23},"end":{"line":55,"column":2}},"6":{"start":{"line":57,"column":20},"end":{"line":60,"column":2}},"7":{"start":{"line":62,"column":21},"end":{"line":67,"column":2}},"8":{"start":{"line":69,"column":31},"end":{"line":189,"column":1}},"9":{"start":{"line":70,"column":34},"end":{"line":83,"column":4}},"10":{"start":{"line":85,"column":20},"end":{"line":90,"column":3}},"11":{"start":{"line":86,"column":21},"end":{"line":86,"column":52}},"12":{"start":{"line":87,"column":17},"end":{"line":87,"column":30}},"13":{"start":{"line":88,"column":4},"end":{"line":88,"column":37}},"14":{"start":{"line":89,"column":4},"end":{"line":89,"column":21}},"15":{"start":{"line":92,"column":2},"end":{"line":94,"column":34}},"16":{"start":{"line":93,"column":4},"end":{"line":93,"column":17}},"17":{"start":{"line":96,"column":17},"end":{"line":96,"column":30}},"18":{"start":{"line":98,"column":21},"end":{"line":105,"column":3}},"19":{"start":{"line":99,"column":4},"end":{"line":99,"column":37}},"20":{"start":{"line":100,"column":4},"end":{"line":100,"column":41}},"21":{"start":{"line":102,"column":4},"end":{"line":102,"column":46}},"22":{"start":{"line":104,"column":4},"end":{"line":104,"column":17}},"23":{"start":{"line":107,"column":19},"end":{"line":109,"column":3}},"24":{"start":{"line":108,"column":4},"end":{"line":108,"column":17}},"25":{"start":{"line":111,"column":2},"end":{"line":188,"column":4}},"26":{"start":{"line":148,"column":29},"end":{"line":148,"column":41}},"27":{"start":{"line":161,"column":29},"end":{"line":161,"column":45}}},"fnMap":{"0":{"name":"(anonymous_0)","decl":{"start":{"line":69,"column":31},"end":{"line":69,"column":32}},"loc":{"start":{"line":69,"column":37},"end":{"line":189,"column":1}},"line":69},"1":{"name":"(anonymous_1)","decl":{"start":{"line":85,"column":20},"end":{"line":85,"column":21}},"loc":{"start":{"line":85,"column":32},"end":{"line":90,"column":3}},"line":85},"2":{"name":"(anonymous_2)","decl":{"start":{"line":92,"column":12},"end":{"line":92,"column":13}},"loc":{"start":{"line":92,"column":18},"end":{"line":94,"column":3}},"line":92},"3":{"name":"(anonymous_3)","decl":{"start":{"line":98,"column":21},"end":{"line":98,"column":22}},"loc":{"start":{"line":98,"column":44},"end":{"line":105,"column":3}},"line":98},"4":{"name":"(anonymous_4)","decl":{"start":{"line":107,"column":19},"end":{"line":107,"column":20}},"loc":{"start":{"line":107,"column":31},"end":{"line":109,"column":3}},"line":107},"5":{"name":"(anonymous_5)","decl":{"start":{"line":148,"column":23},"end":{"line":148,"column":24}},"loc":{"start":{"line":148,"column":29},"end":{"line":148,"column":41}},"line":148},"6":{"name":"(anonymous_6)","decl":{"start":{"line":161,"column":23},"end":{"line":161,"column":24}},"loc":{"start":{"line":161,"column":29},"end":{"line":161,"column":45}},"line":161}},"branchMap":{},"s":{"0":2,"1":2,"2":2,"3":2,"4":2,"5":2,"6":2,"7":2,"8":2,"9":2,"10":2,"11":2,"12":0,"13":0,"14":0,"15":2,"16":2,"17":2,"18":2,"19":0,"20":0,"21":0,"22":0,"23":2,"24":0,"25":2,"26":0,"27":0},"f":{"0":2,"1":2,"2":2,"3":0,"4":0,"5":0,"6":0},"b":{},"_coverageSchema":"1a1c01bbd47fc00a2c39e90264f33305004495a9","hash":"466873be9633c6357330793aa4663aad7c761e98"}
,"/home/vishaly/Desktop/my-blinkist-Backup/my-blinlist/src/components/organisms/Card/index.stories.tsx": {"path":"/home/vishaly/Desktop/my-blinkist-Backup/my-blinlist/src/components/organisms/Card/index.stories.tsx","statementMap":{"0":{"start":{"line":11,"column":33},"end":{"line":11,"column":88}},"1":{"start":{"line":11,"column":41},"end":{"line":11,"column":88}},"2":{"start":{"line":13,"column":29},"end":{"line":13,"column":46}},"3":{"start":{"line":14,"column":0},"end":{"line":22,"column":1}},"4":{"start":{"line":23,"column":30},"end":{"line":23,"column":47}},"5":{"start":{"line":24,"column":0},"end":{"line":32,"column":1}},"6":{"start":{"line":33,"column":30},"end":{"line":33,"column":47}},"7":{"start":{"line":34,"column":0},"end":{"line":42,"column":1}}},"fnMap":{"0":{"name":"(anonymous_0)","decl":{"start":{"line":11,"column":33},"end":{"line":11,"column":34}},"loc":{"start":{"line":11,"column":41},"end":{"line":11,"column":88}},"line":11}},"branchMap":{},"s":{"0":0,"1":0,"2":0,"3":0,"4":0,"5":0,"6":0,"7":0},"f":{"0":0},"b":{}}
,"/home/vishaly/Desktop/my-blinkist-Backup/my-blinlist/src/components/organisms/Card/index.tsx": {"path":"/home/vishaly/Desktop/my-blinkist-Backup/my-blinlist/src/components/organisms/Card/index.tsx","statementMap":{"0":{"start":{"line":15,"column":20},"end":{"line":21,"column":2}},"1":{"start":{"line":23,"column":21},"end":{"line":27,"column":2}},"2":{"start":{"line":29,"column":20},"end":{"line":35,"column":2}},"3":{"start":{"line":37,"column":19},"end":{"line":43,"column":2}},"4":{"start":{"line":45,"column":20},"end":{"line":49,"column":2}},"5":{"start":{"line":51,"column":20},"end":{"line":55,"column":2}},"6":{"start":{"line":57,"column":16},"end":{"line":60,"column":2}},"7":{"start":{"line":62,"column":16},"end":{"line":100,"column":2}},"8":{"start":{"line":133,"column":20},"end":{"line":281,"column":1}},"9":{"start":{"line":134,"column":112},"end":{"line":134,"column":117}},"10":{"start":{"line":135,"column":15},"end":{"line":135,"column":26}},"11":{"start":{"line":137,"column":34},"end":{"line":137,"column":46}},"12":{"start":{"line":139,"column":30},"end":{"line":144,"column":3}},"13":{"start":{"line":140,"column":4},"end":{"line":143,"column":6}},"14":{"start":{"line":146,"column":30},"end":{"line":148,"column":3}},"15":{"start":{"line":147,"column":4},"end":{"line":147,"column":20}},"16":{"start":{"line":150,"column":34},"end":{"line":163,"column":4}},"17":{"start":{"line":165,"column":2},"end":{"line":175,"column":13}},"18":{"start":{"line":166,"column":29},"end":{"line":172,"column":5}},"19":{"start":{"line":167,"column":6},"end":{"line":171,"column":7}},"20":{"start":{"line":168,"column":21},"end":{"line":168,"column":53}},"21":{"start":{"line":169,"column":21},"end":{"line":169,"column":30}},"22":{"start":{"line":170,"column":8},"end":{"line":170,"column":25}},"23":{"start":{"line":174,"column":4},"end":{"line":174,"column":27}},"24":{"start":{"line":177,"column":30},"end":{"line":183,"column":3}},"25":{"start":{"line":178,"column":4},"end":{"line":178,"column":50}},"26":{"start":{"line":179,"column":4},"end":{"line":179,"column":38}},"27":{"start":{"line":180,"column":4},"end":{"line":180,"column":38}},"28":{"start":{"line":182,"column":4},"end":{"line":182,"column":46}},"29":{"start":{"line":185,"column":21},"end":{"line":194,"column":3}},"30":{"start":{"line":186,"column":4},"end":{"line":191,"column":5}},"31":{"start":{"line":187,"column":6},"end":{"line":187,"column":40}},"32":{"start":{"line":190,"column":6},"end":{"line":190,"column":39}},"33":{"start":{"line":193,"column":4},"end":{"line":193,"column":46}},"34":{"start":{"line":196,"column":17},"end":{"line":196,"column":30}},"35":{"start":{"line":198,"column":24},"end":{"line":200,"column":3}},"36":{"start":{"line":199,"column":4},"end":{"line":199,"column":28}},"37":{"start":{"line":202,"column":2},"end":{"line":280,"column":4}},"38":{"start":{"line":236,"column":83},"end":{"line":236,"column":102}},"39":{"start":{"line":255,"column":83},"end":{"line":255,"column":102}},"40":{"start":{"line":275,"column":108},"end":{"line":275,"column":136}}},"fnMap":{"0":{"name":"(anonymous_0)","decl":{"start":{"line":133,"column":20},"end":{"line":133,"column":21}},"loc":{"start":{"line":133,"column":42},"end":{"line":281,"column":1}},"line":133},"1":{"name":"(anonymous_1)","decl":{"start":{"line":139,"column":30},"end":{"line":139,"column":31}},"loc":{"start":{"line":139,"column":36},"end":{"line":144,"column":3}},"line":139},"2":{"name":"(anonymous_2)","decl":{"start":{"line":146,"column":30},"end":{"line":146,"column":31}},"loc":{"start":{"line":146,"column":36},"end":{"line":148,"column":3}},"line":146},"3":{"name":"(anonymous_3)","decl":{"start":{"line":165,"column":12},"end":{"line":165,"column":13}},"loc":{"start":{"line":165,"column":18},"end":{"line":175,"column":3}},"line":165},"4":{"name":"(anonymous_4)","decl":{"start":{"line":166,"column":29},"end":{"line":166,"column":30}},"loc":{"start":{"line":166,"column":51},"end":{"line":172,"column":5}},"line":166},"5":{"name":"(anonymous_5)","decl":{"start":{"line":177,"column":30},"end":{"line":177,"column":31}},"loc":{"start":{"line":177,"column":53},"end":{"line":183,"column":3}},"line":177},"6":{"name":"(anonymous_6)","decl":{"start":{"line":185,"column":21},"end":{"line":185,"column":22}},"loc":{"start":{"line":185,"column":44},"end":{"line":194,"column":3}},"line":185},"7":{"name":"(anonymous_7)","decl":{"start":{"line":198,"column":24},"end":{"line":198,"column":25}},"loc":{"start":{"line":198,"column":30},"end":{"line":200,"column":3}},"line":198},"8":{"name":"(anonymous_8)","decl":{"start":{"line":236,"column":77},"end":{"line":236,"column":78}},"loc":{"start":{"line":236,"column":83},"end":{"line":236,"column":102}},"line":236},"9":{"name":"(anonymous_9)","decl":{"start":{"line":255,"column":77},"end":{"line":255,"column":78}},"loc":{"start":{"line":255,"column":83},"end":{"line":255,"column":102}},"line":255},"10":{"name":"(anonymous_10)","decl":{"start":{"line":275,"column":102},"end":{"line":275,"column":103}},"loc":{"start":{"line":275,"column":108},"end":{"line":275,"column":136}},"line":275}},"branchMap":{"0":{"loc":{"start":{"line":167,"column":6},"end":{"line":171,"column":7}},"type":"if","locations":[{"start":{"line":167,"column":6},"end":{"line":171,"column":7}},{"start":{},"end":{}}],"line":167},"1":{"loc":{"start":{"line":167,"column":9},"end":{"line":167,"column":25}},"type":"binary-expr","locations":[{"start":{"line":167,"column":9},"end":{"line":167,"column":12}},{"start":{"line":167,"column":16},"end":{"line":167,"column":25}}],"line":167},"2":{"loc":{"start":{"line":186,"column":4},"end":{"line":191,"column":5}},"type":"if","locations":[{"start":{"line":186,"column":4},"end":{"line":191,"column":5}},{"start":{"line":189,"column":9},"end":{"line":191,"column":5}}],"line":186},"3":{"loc":{"start":{"line":223,"column":11},"end":{"line":225,"column":13}},"type":"cond-expr","locations":[{"start":{"line":223,"column":25},"end":{"line":223,"column":29}},{"start":{"line":224,"column":14},"end":{"line":224,"column":88}}],"line":223},"4":{"loc":{"start":{"line":228,"column":11},"end":{"line":230,"column":13}},"type":"cond-expr","locations":[{"start":{"line":228,"column":28},"end":{"line":228,"column":32}},{"start":{"line":229,"column":14},"end":{"line":229,"column":91}}],"line":228},"5":{"loc":{"start":{"line":234,"column":9},"end":{"line":251,"column":18}},"type":"cond-expr","locations":[{"start":{"line":235,"column":10},"end":{"line":250,"column":18}},{"start":{"line":251,"column":14},"end":{"line":251,"column":18}}],"line":234},"6":{"loc":{"start":{"line":253,"column":11},"end":{"line":271,"column":18}},"type":"cond-expr","locations":[{"start":{"line":254,"column":12},"end":{"line":269,"column":18}},{"start":{"line":271,"column":14},"end":{"line":271,"column":18}}],"line":253},"7":{"loc":{"start":{"line":273,"column":9},"end":{"line":277,"column":16}},"type":"cond-expr","locations":[{"start":{"line":274,"column":10},"end":{"line":276,"column":22}},{"start":{"line":277,"column":12},"end":{"line":277,"column":16}}],"line":273}},"s":{"0":5,"1":5,"2":5,"3":5,"4":5,"5":5,"6":5,"7":5,"8":5,"9":94,"10":94,"11":94,"12":94,"13":0,"14":94,"15":0,"16":94,"17":94,"18":92,"19":92,"20":91,"21":0,"22":0,"23":92,"24":94,"25":0,"26":0,"27":0,"28":0,"29":94,"30":0,"31":0,"32":0,"33":0,"34":94,"35":94,"36":0,"37":94,"38":0,"39":0,"40":0},"f":{"0":94,"1":0,"2":0,"3":92,"4":92,"5":0,"6":0,"7":0,"8":0,"9":0,"10":0},"b":{"0":[91,1],"1":[92,91],"2":[0,0],"3":[1,93],"4":[49,45],"5":[2,92],"6":[1,93],"7":[91,3]},"_coverageSchema":"1a1c01bbd47fc00a2c39e90264f33305004495a9","hash":"aa7d94d14819d2c7d59b8b05836c40930f9a1673"}
,"/home/vishaly/Desktop/my-blinkist-Backup/my-blinlist/src/components/organisms/ExtendedNav/index.stories.tsx": {"path":"/home/vishaly/Desktop/my-blinkist-Backup/my-blinlist/src/components/organisms/ExtendedNav/index.stories.tsx","statementMap":{"0":{"start":{"line":9,"column":53},"end":{"line":9,"column":102}},"1":{"start":{"line":9,"column":58},"end":{"line":9,"column":102}},"2":{"start":{"line":11,"column":22},"end":{"line":11,"column":39}},"3":{"start":{"line":12,"column":0},"end":{"line":14,"column":1}}},"fnMap":{"0":{"name":"(anonymous_0)","decl":{"start":{"line":9,"column":53},"end":{"line":9,"column":54}},"loc":{"start":{"line":9,"column":58},"end":{"line":9,"column":102}},"line":9}},"branchMap":{},"s":{"0":0,"1":0,"2":0,"3":0},"f":{"0":0},"b":{}}
,"/home/vishaly/Desktop/my-blinkist-Backup/my-blinlist/src/components/organisms/ExtendedNav/index.tsx": {"path":"/home/vishaly/Desktop/my-blinkist-Backup/my-blinlist/src/components/organisms/ExtendedNav/index.tsx","statementMap":{"0":{"start":{"line":9,"column":22},"end":{"line":13,"column":2}},"1":{"start":{"line":14,"column":19},"end":{"line":23,"column":2}},"2":{"start":{"line":25,"column":16},"end":{"line":78,"column":2}},"3":{"start":{"line":80,"column":27},"end":{"line":121,"column":1}},"4":{"start":{"line":81,"column":15},"end":{"line":81,"column":26}},"5":{"start":{"line":82,"column":19},"end":{"line":82,"column":32}},"6":{"start":{"line":83,"column":36},"end":{"line":86,"column":4}},"7":{"start":{"line":88,"column":2},"end":{"line":93,"column":9}},"8":{"start":{"line":89,"column":4},"end":{"line":92,"column":7}},"9":{"start":{"line":94,"column":32},"end":{"line":96,"column":3}},"10":{"start":{"line":95,"column":4},"end":{"line":95,"column":33}},"11":{"start":{"line":98,"column":2},"end":{"line":120,"column":4}},"12":{"start":{"line":110,"column":12},"end":{"line":114,"column":14}}},"fnMap":{"0":{"name":"(anonymous_0)","decl":{"start":{"line":80,"column":27},"end":{"line":80,"column":28}},"loc":{"start":{"line":80,"column":33},"end":{"line":121,"column":1}},"line":80},"1":{"name":"(anonymous_1)","decl":{"start":{"line":88,"column":12},"end":{"line":88,"column":13}},"loc":{"start":{"line":88,"column":18},"end":{"line":93,"column":3}},"line":88},"2":{"name":"(anonymous_2)","decl":{"start":{"line":94,"column":32},"end":{"line":94,"column":33}},"loc":{"start":{"line":94,"column":38},"end":{"line":96,"column":3}},"line":94},"3":{"name":"(anonymous_3)","decl":{"start":{"line":109,"column":31},"end":{"line":109,"column":32}},"loc":{"start":{"line":109,"column":46},"end":{"line":115,"column":11}},"line":109}},"branchMap":{},"s":{"0":5,"1":5,"2":5,"3":5,"4":9,"5":7,"6":7,"7":7,"8":3,"9":7,"10":1,"11":7,"12":126},"f":{"0":9,"1":3,"2":1,"3":126},"b":{},"_coverageSchema":"1a1c01bbd47fc00a2c39e90264f33305004495a9","hash":"4ee7407ef9384ffad98e6fc902d9160c3ac5817d"}
,"/home/vishaly/Desktop/my-blinkist-Backup/my-blinlist/src/components/organisms/Footer/index.stories.tsx": {"path":"/home/vishaly/Desktop/my-blinkist-Backup/my-blinlist/src/components/organisms/Footer/index.stories.tsx","statementMap":{"0":{"start":{"line":10,"column":47},"end":{"line":10,"column":62}},"1":{"start":{"line":10,"column":53},"end":{"line":10,"column":62}},"2":{"start":{"line":12,"column":32},"end":{"line":12,"column":49}},"3":{"start":{"line":14,"column":0},"end":{"line":16,"column":1}}},"fnMap":{"0":{"name":"(anonymous_0)","decl":{"start":{"line":10,"column":47},"end":{"line":10,"column":48}},"loc":{"start":{"line":10,"column":53},"end":{"line":10,"column":62}},"line":10}},"branchMap":{},"s":{"0":0,"1":0,"2":0,"3":0},"f":{"0":0},"b":{}}
,"/home/vishaly/Desktop/my-blinkist-Backup/my-blinlist/src/components/organisms/Footer/index.tsx": {"path":"/home/vishaly/Desktop/my-blinkist-Backup/my-blinlist/src/components/organisms/Footer/index.tsx","statementMap":{"0":{"start":{"line":10,"column":20},"end":{"line":17,"column":2}},"1":{"start":{"line":19,"column":20},"end":{"line":24,"column":2}},"2":{"start":{"line":25,"column":20},"end":{"line":34,"column":2}},"3":{"start":{"line":36,"column":21},"end":{"line":42,"column":2}},"4":{"start":{"line":44,"column":15},"end":{"line":55,"column":2}},"5":{"start":{"line":56,"column":22},"end":{"line":64,"column":2}},"6":{"start":{"line":66,"column":15},"end":{"line":96,"column":1}},"7":{"start":{"line":68,"column":2},"end":{"line":95,"column":3}}},"fnMap":{"0":{"name":"(anonymous_0)","decl":{"start":{"line":66,"column":15},"end":{"line":66,"column":16}},"loc":{"start":{"line":66,"column":21},"end":{"line":96,"column":1}},"line":66}},"branchMap":{},"s":{"0":4,"1":4,"2":4,"3":4,"4":4,"5":4,"6":4,"7":3},"f":{"0":3},"b":{},"_coverageSchema":"1a1c01bbd47fc00a2c39e90264f33305004495a9","hash":"53c09e7a0eacca7160b1088e5909a1d8795e9cfb"}
,"/home/vishaly/Desktop/my-blinkist-Backup/my-blinlist/src/components/organisms/Header/index.stories.tsx": {"path":"/home/vishaly/Desktop/my-blinkist-Backup/my-blinlist/src/components/organisms/Header/index.stories.tsx","statementMap":{"0":{"start":{"line":9,"column":57},"end":{"line":9,"column":82}},"1":{"start":{"line":9,"column":63},"end":{"line":9,"column":82}},"2":{"start":{"line":11,"column":24},"end":{"line":11,"column":41}}},"fnMap":{"0":{"name":"(anonymous_0)","decl":{"start":{"line":9,"column":57},"end":{"line":9,"column":58}},"loc":{"start":{"line":9,"column":63},"end":{"line":9,"column":82}},"line":9}},"branchMap":{},"s":{"0":0,"1":0,"2":0},"f":{"0":0},"b":{}}
,"/home/vishaly/Desktop/my-blinkist-Backup/my-blinlist/src/components/organisms/Header/index.tsx": {"path":"/home/vishaly/Desktop/my-blinkist-Backup/my-blinlist/src/components/organisms/Header/index.tsx","statementMap":{"0":{"start":{"line":14,"column":22},"end":{"line":24,"column":2}},"1":{"start":{"line":26,"column":18},"end":{"line":74,"column":2}},"2":{"start":{"line":76,"column":31},"end":{"line":131,"column":1}},"3":{"start":{"line":77,"column":30},"end":{"line":77,"column":45}},"4":{"start":{"line":78,"column":29},"end":{"line":78,"column":44}},"5":{"start":{"line":79,"column":40},"end":{"line":81,"column":4}},"6":{"start":{"line":83,"column":32},"end":{"line":85,"column":3}},"7":{"start":{"line":84,"column":4},"end":{"line":84,"column":51}},"8":{"start":{"line":87,"column":32},"end":{"line":94,"column":3}},"9":{"start":{"line":88,"column":4},"end":{"line":88,"column":51}},"10":{"start":{"line":89,"column":4},"end":{"line":93,"column":5}},"11":{"start":{"line":90,"column":6},"end":{"line":90,"column":53}},"12":{"start":{"line":92,"column":6},"end":{"line":92,"column":55}},"13":{"start":{"line":96,"column":15},"end":{"line":96,"column":26}},"14":{"start":{"line":98,"column":17},"end":{"line":98,"column":30}},"15":{"start":{"line":100,"column":17},"end":{"line":102,"column":3}},"16":{"start":{"line":101,"column":4},"end":{"line":101,"column":17}},"17":{"start":{"line":104,"column":2},"end":{"line":130,"column":4}}},"fnMap":{"0":{"name":"(anonymous_0)","decl":{"start":{"line":76,"column":31},"end":{"line":76,"column":32}},"loc":{"start":{"line":76,"column":37},"end":{"line":131,"column":1}},"line":76},"1":{"name":"(anonymous_1)","decl":{"start":{"line":83,"column":32},"end":{"line":83,"column":33}},"loc":{"start":{"line":83,"column":38},"end":{"line":85,"column":3}},"line":83},"2":{"name":"(anonymous_2)","decl":{"start":{"line":87,"column":32},"end":{"line":87,"column":33}},"loc":{"start":{"line":87,"column":38},"end":{"line":94,"column":3}},"line":87},"3":{"name":"(anonymous_3)","decl":{"start":{"line":100,"column":17},"end":{"line":100,"column":18}},"loc":{"start":{"line":100,"column":23},"end":{"line":102,"column":3}},"line":100}},"branchMap":{"0":{"loc":{"start":{"line":84,"column":4},"end":{"line":84,"column":50}},"type":"cond-expr","locations":[{"start":{"line":84,"column":14},"end":{"line":84,"column":31}},{"start":{"line":84,"column":34},"end":{"line":84,"column":50}}],"line":84},"1":{"loc":{"start":{"line":88,"column":4},"end":{"line":88,"column":50}},"type":"cond-expr","locations":[{"start":{"line":88,"column":14},"end":{"line":88,"column":31}},{"start":{"line":88,"column":34},"end":{"line":88,"column":50}}],"line":88},"2":{"loc":{"start":{"line":89,"column":4},"end":{"line":93,"column":5}},"type":"if","locations":[{"start":{"line":89,"column":4},"end":{"line":93,"column":5}},{"start":{"line":91,"column":11},"end":{"line":93,"column":5}}],"line":89},"3":{"loc":{"start":{"line":126,"column":9},"end":{"line":126,"column":41}},"type":"cond-expr","locations":[{"start":{"line":126,"column":19},"end":{"line":126,"column":34}},{"start":{"line":126,"column":37},"end":{"line":126,"column":41}}],"line":126},"4":{"loc":{"start":{"line":127,"column":43},"end":{"line":127,"column":77}},"type":"cond-expr","locations":[{"start":{"line":127,"column":53},"end":{"line":127,"column":70}},{"start":{"line":127,"column":73},"end":{"line":127,"column":77}}],"line":127}},"s":{"0":4,"1":4,"2":4,"3":5,"4":4,"5":4,"6":4,"7":0,"8":4,"9":1,"10":1,"11":0,"12":1,"13":4,"14":4,"15":4,"16":0,"17":4},"f":{"0":5,"1":0,"2":1,"3":0},"b":{"0":[0,0],"1":[0,1],"2":[0,1],"3":[1,3],"4":[0,4]},"_coverageSchema":"1a1c01bbd47fc00a2c39e90264f33305004495a9","hash":"2d64f9871f2fe2a24087e4cbc285f019ac3e1eb3"}
,"/home/vishaly/Desktop/my-blinkist-Backup/my-blinlist/src/components/organisms/SearchBarFunction/index.tsx": {"path":"/home/vishaly/Desktop/my-blinkist-Backup/my-blinlist/src/components/organisms/SearchBarFunction/index.tsx","statementMap":{"0":{"start":{"line":8,"column":18},"end":{"line":38,"column":2}},"1":{"start":{"line":40,"column":18},"end":{"line":40,"column":29}},"2":{"start":{"line":42,"column":21},"end":{"line":44,"column":3}},"3":{"start":{"line":43,"column":4},"end":{"line":43,"column":19}},"4":{"start":{"line":46,"column":2},"end":{"line":60,"column":4}},"5":{"start":{"line":56,"column":25},"end":{"line":56,"column":51}}},"fnMap":{"0":{"name":"Sizes","decl":{"start":{"line":39,"column":24},"end":{"line":39,"column":29}},"loc":{"start":{"line":39,"column":57},"end":{"line":61,"column":1}},"line":39},"1":{"name":"(anonymous_1)","decl":{"start":{"line":42,"column":21},"end":{"line":42,"column":22}},"loc":{"start":{"line":42,"column":34},"end":{"line":44,"column":3}},"line":42},"2":{"name":"(anonymous_2)","decl":{"start":{"line":56,"column":16},"end":{"line":56,"column":17}},"loc":{"start":{"line":56,"column":25},"end":{"line":56,"column":51}},"line":56}},"branchMap":{},"s":{"0":2,"1":2,"2":2,"3":0,"4":2,"5":0},"f":{"0":2,"1":0,"2":0},"b":{},"_coverageSchema":"1a1c01bbd47fc00a2c39e90264f33305004495a9","hash":"28a59e92206801467e8205e9cbae5ae9873d5999"}
,"/home/vishaly/Desktop/my-blinkist-Backup/my-blinlist/src/components/organisms/Tabs/index.stories.tsx": {"path":"/home/vishaly/Desktop/my-blinkist-Backup/my-blinlist/src/components/organisms/Tabs/index.stories.tsx","statementMap":{"0":{"start":{"line":9,"column":44},"end":{"line":9,"column":58}},"1":{"start":{"line":9,"column":50},"end":{"line":9,"column":58}},"2":{"start":{"line":11,"column":28},"end":{"line":11,"column":45}},"3":{"start":{"line":12,"column":0},"end":{"line":14,"column":1}}},"fnMap":{"0":{"name":"(anonymous_0)","decl":{"start":{"line":9,"column":44},"end":{"line":9,"column":45}},"loc":{"start":{"line":9,"column":50},"end":{"line":9,"column":58}},"line":9}},"branchMap":{},"s":{"0":0,"1":0,"2":0,"3":0},"f":{"0":0},"b":{}}
,"/home/vishaly/Desktop/my-blinkist-Backup/my-blinlist/src/components/organisms/Tabs/index.tsx": {"path":"/home/vishaly/Desktop/my-blinkist-Backup/my-blinlist/src/components/organisms/Tabs/index.tsx","statementMap":{"0":{"start":{"line":9,"column":20},"end":{"line":12,"column":2}},"1":{"start":{"line":14,"column":20},"end":{"line":16,"column":2}},"2":{"start":{"line":18,"column":18},"end":{"line":25,"column":2}},"3":{"start":{"line":27,"column":16},"end":{"line":39,"column":2}},"4":{"start":{"line":41,"column":20},"end":{"line":177,"column":1}},"5":{"start":{"line":42,"column":26},"end":{"line":42,"column":39}},"6":{"start":{"line":44,"column":21},"end":{"line":47,"column":3}},"7":{"start":{"line":45,"column":4},"end":{"line":45,"column":22}},"8":{"start":{"line":46,"column":4},"end":{"line":46,"column":23}},"9":{"start":{"line":49,"column":28},"end":{"line":64,"column":4}},"10":{"start":{"line":66,"column":26},"end":{"line":66,"column":37}},"11":{"start":{"line":67,"column":19},"end":{"line":72,"column":3}},"12":{"start":{"line":68,"column":21},"end":{"line":68,"column":47}},"13":{"start":{"line":69,"column":17},"end":{"line":69,"column":30}},"14":{"start":{"line":71,"column":4},"end":{"line":71,"column":19}},"15":{"start":{"line":74,"column":23},"end":{"line":76,"column":3}},"16":{"start":{"line":75,"column":4},"end":{"line":75,"column":23}},"17":{"start":{"line":78,"column":2},"end":{"line":80,"column":14}},"18":{"start":{"line":79,"column":4},"end":{"line":79,"column":15}},"19":{"start":{"line":82,"column":15},"end":{"line":82,"column":26}},"20":{"start":{"line":84,"column":2},"end":{"line":176,"column":4}},"21":{"start":{"line":131,"column":36},"end":{"line":131,"column":59}},"22":{"start":{"line":133,"column":20},"end":{"line":146,"column":22}},"23":{"start":{"line":153,"column":36},"end":{"line":153,"column":58}},"24":{"start":{"line":155,"column":20},"end":{"line":168,"column":22}}},"fnMap":{"0":{"name":"(anonymous_0)","decl":{"start":{"line":41,"column":20},"end":{"line":41,"column":21}},"loc":{"start":{"line":41,"column":26},"end":{"line":177,"column":1}},"line":41},"1":{"name":"(anonymous_1)","decl":{"start":{"line":44,"column":21},"end":{"line":44,"column":22}},"loc":{"start":{"line":44,"column":72},"end":{"line":47,"column":3}},"line":44},"2":{"name":"(anonymous_2)","decl":{"start":{"line":67,"column":19},"end":{"line":67,"column":20}},"loc":{"start":{"line":67,"column":31},"end":{"line":72,"column":3}},"line":67},"3":{"name":"(anonymous_3)","decl":{"start":{"line":74,"column":23},"end":{"line":74,"column":24}},"loc":{"start":{"line":74,"column":29},"end":{"line":76,"column":3}},"line":74},"4":{"name":"(anonymous_4)","decl":{"start":{"line":78,"column":12},"end":{"line":78,"column":13}},"loc":{"start":{"line":78,"column":18},"end":{"line":80,"column":3}},"line":78},"5":{"name":"(anonymous_5)","decl":{"start":{"line":131,"column":26},"end":{"line":131,"column":27}},"loc":{"start":{"line":131,"column":36},"end":{"line":131,"column":59}},"line":131},"6":{"name":"(anonymous_6)","decl":{"start":{"line":132,"column":23},"end":{"line":132,"column":24}},"loc":{"start":{"line":132,"column":40},"end":{"line":147,"column":19}},"line":132},"7":{"name":"(anonymous_7)","decl":{"start":{"line":153,"column":26},"end":{"line":153,"column":27}},"loc":{"start":{"line":153,"column":36},"end":{"line":153,"column":58}},"line":153},"8":{"name":"(anonymous_8)","decl":{"start":{"line":154,"column":23},"end":{"line":154,"column":24}},"loc":{"start":{"line":154,"column":40},"end":{"line":169,"column":19}},"line":154}},"branchMap":{},"s":{"0":2,"1":2,"2":2,"3":2,"4":2,"5":1,"6":1,"7":0,"8":0,"9":1,"10":1,"11":1,"12":1,"13":0,"14":0,"15":1,"16":0,"17":1,"18":1,"19":1,"20":1,"21":1,"22":1,"23":1,"24":0},"f":{"0":1,"1":0,"2":1,"3":0,"4":1,"5":1,"6":1,"7":1,"8":0},"b":{},"_coverageSchema":"1a1c01bbd47fc00a2c39e90264f33305004495a9","hash":"cbee2f9446b7b39f9098b4a30cad4d5b9bc93543"}
,"/home/vishaly/Desktop/my-blinkist-Backup/my-blinlist/src/components/templates/BookDetails/index.stories.tsx": {"path":"/home/vishaly/Desktop/my-blinkist-Backup/my-blinlist/src/components/templates/BookDetails/index.stories.tsx","statementMap":{"0":{"start":{"line":13,"column":40},"end":{"line":13,"column":102}},"1":{"start":{"line":13,"column":48},"end":{"line":13,"column":102}},"2":{"start":{"line":15,"column":35},"end":{"line":15,"column":52}},"3":{"start":{"line":16,"column":0},"end":{"line":20,"column":1}}},"fnMap":{"0":{"name":"(anonymous_0)","decl":{"start":{"line":13,"column":40},"end":{"line":13,"column":41}},"loc":{"start":{"line":13,"column":48},"end":{"line":13,"column":102}},"line":13}},"branchMap":{},"s":{"0":0,"1":0,"2":0,"3":0},"f":{"0":0},"b":{}}
,"/home/vishaly/Desktop/my-blinkist-Backup/my-blinlist/src/components/templates/BookDetails/index.tsx": {"path":"/home/vishaly/Desktop/my-blinkist-Backup/my-blinlist/src/components/templates/BookDetails/index.tsx","statementMap":{"0":{"start":{"line":11,"column":20},"end":{"line":14,"column":2}},"1":{"start":{"line":21,"column":27},"end":{"line":32,"column":1}},"2":{"start":{"line":22,"column":18},"end":{"line":22,"column":23}},"3":{"start":{"line":23,"column":2},"end":{"line":31,"column":4}}},"fnMap":{"0":{"name":"(anonymous_0)","decl":{"start":{"line":21,"column":27},"end":{"line":21,"column":28}},"loc":{"start":{"line":21,"column":56},"end":{"line":32,"column":1}},"line":21}},"branchMap":{},"s":{"0":1,"1":1,"2":1,"3":1},"f":{"0":1},"b":{},"_coverageSchema":"1a1c01bbd47fc00a2c39e90264f33305004495a9","hash":"4269ccc36971a8a17859d95ef5e03c541fb2f96b"}
,"/home/vishaly/Desktop/my-blinkist-Backup/my-blinlist/src/components/templates/EntrepreneurshipCategory/index.stories.tsx": {"path":"/home/vishaly/Desktop/my-blinkist-Backup/my-blinlist/src/components/templates/EntrepreneurshipCategory/index.stories.tsx","statementMap":{"0":{"start":{"line":14,"column":45},"end":{"line":14,"column":112}},"1":{"start":{"line":14,"column":53},"end":{"line":14,"column":112}},"2":{"start":{"line":16,"column":36},"end":{"line":16,"column":53}},"3":{"start":{"line":17,"column":0},"end":{"line":23,"column":1}}},"fnMap":{"0":{"name":"(anonymous_0)","decl":{"start":{"line":14,"column":45},"end":{"line":14,"column":46}},"loc":{"start":{"line":14,"column":53},"end":{"line":14,"column":112}},"line":14}},"branchMap":{},"s":{"0":0,"1":0,"2":0,"3":0},"f":{"0":0},"b":{}}
,"/home/vishaly/Desktop/my-blinkist-Backup/my-blinlist/src/components/templates/EntrepreneurshipCategory/index.tsx": {"path":"/home/vishaly/Desktop/my-blinkist-Backup/my-blinlist/src/components/templates/EntrepreneurshipCategory/index.tsx","statementMap":{"0":{"start":{"line":15,"column":20},"end":{"line":19,"column":2}},"1":{"start":{"line":30,"column":22},"end":{"line":34,"column":2}},"2":{"start":{"line":36,"column":21},"end":{"line":40,"column":2}},"3":{"start":{"line":42,"column":22},"end":{"line":46,"column":2}},"4":{"start":{"line":48,"column":21},"end":{"line":52,"column":2}},"5":{"start":{"line":54,"column":17},"end":{"line":58,"column":2}},"6":{"start":{"line":60,"column":32},"end":{"line":86,"column":1}},"7":{"start":{"line":61,"column":76},"end":{"line":61,"column":81}},"8":{"start":{"line":62,"column":4},"end":{"line":85,"column":5}}},"fnMap":{"0":{"name":"(anonymous_0)","decl":{"start":{"line":60,"column":32},"end":{"line":60,"column":33}},"loc":{"start":{"line":60,"column":66},"end":{"line":86,"column":1}},"line":60}},"branchMap":{},"s":{"0":1,"1":1,"2":1,"3":1,"4":1,"5":1,"6":1,"7":1,"8":1},"f":{"0":1},"b":{},"_coverageSchema":"1a1c01bbd47fc00a2c39e90264f33305004495a9","hash":"0b5f9fba8e645af46d88f2520bd7e06a810b9430"}
,"/home/vishaly/Desktop/my-blinkist-Backup/my-blinlist/src/components/templates/EntrepreneurshipCategory/test.tsx": {"path":"/home/vishaly/Desktop/my-blinkist-Backup/my-blinlist/src/components/templates/EntrepreneurshipCategory/test.tsx","statementMap":{"0":{"start":{"line":10,"column":0},"end":{"line":24,"column":3}},"1":{"start":{"line":11,"column":2},"end":{"line":23,"column":5}},"2":{"start":{"line":12,"column":4},"end":{"line":22,"column":6}}},"fnMap":{"0":{"name":"(anonymous_0)","decl":{"start":{"line":10,"column":34},"end":{"line":10,"column":35}},"loc":{"start":{"line":10,"column":40},"end":{"line":24,"column":1}},"line":10},"1":{"name":"(anonymous_1)","decl":{"start":{"line":11,"column":25},"end":{"line":11,"column":26}},"loc":{"start":{"line":11,"column":31},"end":{"line":23,"column":3}},"line":11}},"branchMap":{},"s":{"0":0,"1":0,"2":0},"f":{"0":0,"1":0},"b":{}}
,"/home/vishaly/Desktop/my-blinkist-Backup/my-blinlist/src/components/templates/MyLibrary/index.tsx": {"path":"/home/vishaly/Desktop/my-blinkist-Backup/my-blinlist/src/components/templates/MyLibrary/index.tsx","statementMap":{"0":{"start":{"line":15,"column":25},"end":{"line":41,"column":1}},"1":{"start":{"line":16,"column":17},"end":{"line":16,"column":22}},"2":{"start":{"line":18,"column":4},"end":{"line":40,"column":5}}},"fnMap":{"0":{"name":"(anonymous_0)","decl":{"start":{"line":15,"column":25},"end":{"line":15,"column":26}},"loc":{"start":{"line":15,"column":52},"end":{"line":41,"column":1}},"line":15}},"branchMap":{},"s":{"0":1,"1":0,"2":0},"f":{"0":0},"b":{},"_coverageSchema":"1a1c01bbd47fc00a2c39e90264f33305004495a9","hash":"3b97b0ab5d5bb98126571f2697eae639e261f3d7"}
,"/home/vishaly/Desktop/my-blinkist-Backup/my-blinlist/src/components/themes/theme.tsx": {"path":"/home/vishaly/Desktop/my-blinkist-Backup/my-blinlist/src/components/themes/theme.tsx","statementMap":{"0":{"start":{"line":3,"column":14},"end":{"line":75,"column":2}}},"fnMap":{},"branchMap":{},"s":{"0":12},"f":{},"b":{},"_coverageSchema":"1a1c01bbd47fc00a2c39e90264f33305004495a9","hash":"5809e3f97da95206013247add650036c2fffaff1"}
,"/home/vishaly/Desktop/my-blinkist-Backup/my-blinlist/src/data/BannerData.tsx": {"path":"/home/vishaly/Desktop/my-blinkist-Backup/my-blinlist/src/data/BannerData.tsx","statementMap":{"0":{"start":{"line":1,"column":19},"end":{"line":5,"column":1}}},"fnMap":{},"branchMap":{},"s":{"0":2},"f":{},"b":{},"_coverageSchema":"1a1c01bbd47fc00a2c39e90264f33305004495a9","hash":"472f7d4838286a1600cde8d06fcd15c532fca3e5"}
,"/home/vishaly/Desktop/my-blinkist-Backup/my-blinlist/src/data/Constants.tsx": {"path":"/home/vishaly/Desktop/my-blinkist-Backup/my-blinlist/src/data/Constants.tsx","statementMap":{"0":{"start":{"line":1,"column":25},"end":{"line":25,"column":3}}},"fnMap":{},"branchMap":{},"s":{"0":6},"f":{},"b":{},"_coverageSchema":"1a1c01bbd47fc00a2c39e90264f33305004495a9","hash":"afe213720c76968e43e88259bf94e4d3b5d53fea"}
,"/home/vishaly/Desktop/my-blinkist-Backup/my-blinlist/src/data/ExtendedNavData.tsx": {"path":"/home/vishaly/Desktop/my-blinkist-Backup/my-blinlist/src/data/ExtendedNavData.tsx","statementMap":{"0":{"start":{"line":20,"column":24},"end":{"line":93,"column":1}}},"fnMap":{},"branchMap":{},"s":{"0":5},"f":{},"b":{},"_coverageSchema":"1a1c01bbd47fc00a2c39e90264f33305004495a9","hash":"1e281155dcf306b79cd2893decc55cdb1470c4a8"}
,"/home/vishaly/Desktop/my-blinkist-Backup/my-blinlist/src/data/FooterNavData.tsx": {"path":"/home/vishaly/Desktop/my-blinkist-Backup/my-blinlist/src/data/FooterNavData.tsx","statementMap":{"0":{"start":{"line":1,"column":29},"end":{"line":32,"column":1}}},"fnMap":{},"branchMap":{},"s":{"0":5},"f":{},"b":{},"_coverageSchema":"1a1c01bbd47fc00a2c39e90264f33305004495a9","hash":"0c3a749d335f37a5c1d5c69b4108967ddddea963"}
,"/home/vishaly/Desktop/my-blinkist-Backup/my-blinlist/src/data/Library.tsx": {"path":"/home/vishaly/Desktop/my-blinkist-Backup/my-blinlist/src/data/Library.tsx","statementMap":{"0":{"start":{"line":13,"column":16},"end":{"line":168,"column":1}}},"fnMap":{},"branchMap":{},"s":{"0":2},"f":{},"b":{},"_coverageSchema":"1a1c01bbd47fc00a2c39e90264f33305004495a9","hash":"aff91675157bb13c7c88ff11f4692cf47b940f2a"}
,"/home/vishaly/Desktop/my-blinkist-Backup/my-blinlist/src/pages/BookDetails/index.tsx": {"path":"/home/vishaly/Desktop/my-blinkist-Backup/my-blinlist/src/pages/BookDetails/index.tsx","statementMap":{"0":{"start":{"line":6,"column":24},"end":{"line":12,"column":1}},"1":{"start":{"line":7,"column":4},"end":{"line":11,"column":5}}},"fnMap":{"0":{"name":"(anonymous_0)","decl":{"start":{"line":6,"column":24},"end":{"line":6,"column":25}},"loc":{"start":{"line":6,"column":30},"end":{"line":12,"column":1}},"line":6}},"branchMap":{},"s":{"0":0,"1":0},"f":{"0":0},"b":{}}
,"/home/vishaly/Desktop/my-blinkist-Backup/my-blinlist/src/pages/Entrepreneurship/index.tsx": {"path":"/home/vishaly/Desktop/my-blinkist-Backup/my-blinlist/src/pages/Entrepreneurship/index.tsx","statementMap":{"0":{"start":{"line":10,"column":29},"end":{"line":41,"column":1}},"1":{"start":{"line":14,"column":26},"end":{"line":14,"column":38}},"2":{"start":{"line":18,"column":4},"end":{"line":40,"column":5}}},"fnMap":{"0":{"name":"(anonymous_0)","decl":{"start":{"line":10,"column":29},"end":{"line":10,"column":30}},"loc":{"start":{"line":10,"column":35},"end":{"line":41,"column":1}},"line":10}},"branchMap":{},"s":{"0":1,"1":1,"2":1},"f":{"0":1},"b":{},"_coverageSchema":"1a1c01bbd47fc00a2c39e90264f33305004495a9","hash":"befbb7d250b66a01647f507ce2cc9d1c3eaf3b0f"}
,"/home/vishaly/Desktop/my-blinkist-Backup/my-blinlist/src/pages/MyLibrary/index.tsx": {"path":"/home/vishaly/Desktop/my-blinkist-Backup/my-blinlist/src/pages/MyLibrary/index.tsx","statementMap":{"0":{"start":{"line":4,"column":20},"end":{"line":10,"column":1}},"1":{"start":{"line":5,"column":4},"end":{"line":9,"column":5}}},"fnMap":{"0":{"name":"(anonymous_0)","decl":{"start":{"line":4,"column":20},"end":{"line":4,"column":21}},"loc":{"start":{"line":4,"column":26},"end":{"line":10,"column":1}},"line":4}},"branchMap":{},"s":{"0":0,"1":0},"f":{"0":0},"b":{}}
}
