TN:
SF:src/App.tsx
FN:8,App
FNF:1
FNH:0
FNDA:0,App
DA:9,0
DA:10,0
DA:12,0
DA:14,0
LF:4
LH:0
BRDA:10,0,0,0
BRDA:10,0,1,0
BRDA:18,1,0,0
BRDA:18,1,1,0
BRDA:22,2,0,0
BRDA:22,2,1,0
BRF:6
BRH:0
end_of_record
TN:
SF:src/Logout.tsx
FN:19,(anonymous_0)
FN:26,(anonymous_1)
FNF:2
FNH:0
FNDA:0,(anonymous_0)
FNDA:0,(anonymous_1)
DA:7,2
DA:19,2
DA:20,0
DA:21,0
DA:23,0
DA:26,0
LF:6
LH:2
BRDA:25,0,0,0
BRDA:25,0,1,0
BRF:2
BRH:0
end_of_record
TN:
SF:src/index.tsx
FNF:0
FNH:0
DA:8,0
DA:9,0
DA:11,0
DA:14,0
DA:28,0
LF:5
LH:0
BRF:0
BRH:0
end_of_record
TN:
SF:src/loginButton.tsx
FN:15,(anonymous_0)
FN:36,(anonymous_1)
FNF:2
FNH:0
FNDA:0,(anonymous_0)
FNDA:0,(anonymous_1)
DA:5,0
DA:15,0
DA:16,0
DA:17,0
DA:18,0
DA:36,0
LF:6
LH:0
BRF:0
BRH:0
end_of_record
TN:
SF:src/main.tsx
FN:14,Main1
FNF:1
FNH:0
FNDA:0,Main1
DA:9,0
DA:15,0
DA:16,0
LF:3
LH:0
BRF:0
BRH:0
end_of_record
TN:
SF:src/reportWebVitals.ts
FN:3,(anonymous_0)
FN:5,(anonymous_1)
FNF:2
FNH:0
FNDA:0,(anonymous_0)
FNDA:0,(anonymous_1)
DA:3,0
DA:4,0
DA:5,0
DA:6,0
DA:7,0
DA:8,0
DA:9,0
DA:10,0
LF:8
LH:0
BRDA:4,0,0,0
BRDA:4,0,1,0
BRDA:4,1,0,0
BRDA:4,1,1,0
BRF:4
BRH:0
end_of_record
TN:
SF:src/api/api.tsx
FNF:0
FNH:0
LF:0
LH:0
BRF:0
BRH:0
end_of_record
TN:
SF:src/components/atoms/Avatar/index.stories.tsx
FN:15,(anonymous_0)
FNF:1
FNH:0
FNDA:0,(anonymous_0)
DA:15,0
LF:1
LH:0
BRF:0
BRH:0
end_of_record
TN:
SF:src/components/atoms/Avatar/index.tsx
FN:10,AvatarIcon
FNF:1
FNH:1
FNDA:1,AvatarIcon
DA:12,1
LF:1
LH:1
BRF:0
BRH:0
end_of_record
TN:
SF:src/components/atoms/Button/index.stories.tsx
FN:16,(anonymous_0)
FNF:1
FNH:0
FNDA:0,(anonymous_0)
DA:16,0
DA:18,0
DA:20,0
DA:33,0
DA:34,0
DA:49,0
DA:51,0
DA:73,0
DA:74,0
DA:96,0
DA:97,0
LF:11
LH:0
BRF:0
BRH:0
end_of_record
TN:
SF:src/components/atoms/Button/index.tsx
FN:18,(anonymous_0)
FNF:1
FNH:1
FNDA:55,(anonymous_0)
DA:18,6
DA:19,55
DA:20,55
LF:3
LH:3
BRF:0
BRH:0
end_of_record
TN:
SF:src/components/atoms/Icon/index.stories.tsx
FN:12,(anonymous_0)
FNF:1
FNH:0
FNDA:0,(anonymous_0)
DA:12,0
DA:14,0
DA:15,0
LF:3
LH:0
BRF:0
BRH:0
end_of_record
TN:
SF:src/components/atoms/Icon/index.tsx
FN:10,(anonymous_0)
FNF:1
FNH:1
FNDA:21,(anonymous_0)
DA:10,5
DA:11,21
DA:12,21
LF:3
LH:3
BRF:0
BRH:0
end_of_record
TN:
SF:src/components/atoms/IconButton/index.stories.tsx
FN:12,(anonymous_0)
FNF:1
FNH:0
FNDA:0,(anonymous_0)
DA:12,0
DA:13,0
DA:16,0
DA:17,0
DA:20,0
DA:21,0
LF:6
LH:0
BRF:0
BRH:0
end_of_record
TN:
SF:src/components/atoms/IconButton/index.tsx
FN:11,(anonymous_0)
FNF:1
FNH:1
FNDA:113,(anonymous_0)
DA:11,9
DA:12,113
DA:13,113
LF:3
LH:3
BRF:0
BRH:0
end_of_record
TN:
SF:src/components/atoms/ProgressBar/index.tsx
FN:7,ProgressBar
FNF:1
FNH:1
FNDA:4,ProgressBar
DA:8,4
DA:19,4
DA:21,4
DA:29,4
LF:4
LH:4
BRDA:19,0,0,4
BRDA:19,0,1,0
BRDA:19,1,0,4
BRDA:19,1,1,4
BRF:4
BRH:3
end_of_record
TN:
SF:src/components/atoms/Typography/index.tsx
FN:29,(anonymous_0)
FNF:1
FNH:0
FNDA:0,(anonymous_0)
DA:29,0
DA:30,0
LF:2
LH:0
BRF:0
BRH:0
end_of_record
TN:
SF:src/components/molecules/Banner/index.stories.tsx
FN:9,(anonymous_0)
FNF:1
FNH:0
FNDA:0,(anonymous_0)
DA:9,0
DA:11,0
DA:12,0
LF:3
LH:0
BRF:0
BRH:0
end_of_record
TN:
SF:src/components/molecules/Banner/index.tsx
FN:49,(anonymous_0)
FNF:1
FNH:1
FNDA:1,(anonymous_0)
DA:14,1
DA:23,1
DA:33,1
DA:40,1
DA:47,1
DA:49,1
DA:50,1
LF:7
LH:7
BRF:0
BRH:0
end_of_record
TN:
SF:src/components/molecules/Dropdown/index.stories.tsx
FN:9,(anonymous_0)
FNF:1
FNH:0
FNDA:0,(anonymous_0)
DA:9,0
DA:11,0
DA:12,0
DA:16,0
DA:17,0
LF:5
LH:0
BRF:0
BRH:0
end_of_record
TN:
SF:src/components/molecules/Dropdown/index.tsx
FN:36,(anonymous_0)
FNF:1
FNH:1
FNDA:8,(anonymous_0)
DA:7,3
DA:36,3
DA:37,8
DA:38,8
DA:39,8
LF:5
LH:5
BRDA:42,0,0,4
BRDA:42,0,1,4
BRF:2
BRH:2
end_of_record
TN:
SF:src/components/molecules/FooterNav/index.stories.tsx
FN:10,(anonymous_0)
FNF:1
FNH:0
FNDA:0,(anonymous_0)
DA:10,0
DA:12,0
DA:13,0
LF:3
LH:0
BRF:0
BRH:0
end_of_record
TN:
SF:src/components/molecules/FooterNav/index.tsx
FN:18,(anonymous_0)
FN:24,(anonymous_1)
FNF:2
FNH:2
FNDA:9,(anonymous_0)
FNDA:39,(anonymous_1)
DA:4,3
DA:9,3
DA:18,3
DA:19,9
DA:21,9
DA:25,39
LF:6
LH:6
BRF:0
BRH:0
end_of_record
TN:
SF:src/components/molecules/IconAndText/index.stories.tsx
FN:12,(anonymous_0)
FNF:1
FNH:0
FNDA:0,(anonymous_0)
DA:12,0
DA:14,0
DA:15,0
DA:21,0
DA:22,0
DA:28,0
DA:29,0
LF:7
LH:0
BRF:0
BRH:0
end_of_record
TN:
SF:src/components/molecules/IconAndText/index.tsx
FN:36,(anonymous_0)
FNF:1
FNH:1
FNDA:111,(anonymous_0)
DA:26,8
DA:36,8
DA:37,111
DA:38,111
DA:39,111
LF:5
LH:5
BRF:0
BRH:0
end_of_record
TN:
SF:src/components/molecules/SearchBar/index.stories.tsx
FN:9,(anonymous_0)
FNF:1
FNH:0
FNDA:0,(anonymous_0)
DA:9,0
DA:11,0
LF:2
LH:0
BRF:0
BRH:0
end_of_record
TN:
SF:src/components/molecules/SearchBar/index.tsx
FN:40,(anonymous_0)
FN:53,(anonymous_1)
FNF:2
FNH:1
FNDA:1,(anonymous_0)
FNDA:0,(anonymous_1)
DA:8,1
DA:40,1
DA:41,1
DA:42,1
DA:43,1
DA:53,0
LF:6
LH:5
BRF:0
BRH:0
end_of_record
TN:
SF:src/components/molecules/Tabs/index.stories.tsx
FN:9,(anonymous_0)
FNF:1
FNH:0
FNDA:0,(anonymous_0)
DA:9,0
DA:11,0
DA:12,0
LF:3
LH:0
BRF:0
BRH:0
end_of_record
TN:
SF:src/components/molecules/Tabs/index.tsx
FN:6,(anonymous_0)
FN:13,(anonymous_1)
FN:16,(anonymous_2)
FNF:3
FNH:2
FNDA:1,(anonymous_0)
FNDA:1,(anonymous_1)
FNDA:0,(anonymous_2)
DA:6,1
DA:13,1
DA:14,1
DA:15,1
DA:16,1
DA:17,0
DA:18,0
DA:19,0
DA:22,1
DA:24,1
LF:10
LH:7
BRF:0
BRH:0
end_of_record
TN:
SF:src/components/organisms/AboutBook/index.stories.tsx
FN:9,(anonymous_0)
FNF:1
FNH:0
FNDA:0,(anonymous_0)
DA:9,0
DA:11,0
DA:12,0
LF:3
LH:0
BRF:0
BRH:0
end_of_record
TN:
SF:src/components/organisms/AboutBook/index.tsx
FN:45,(anonymous_0)
FN:47,(anonymous_1)
FNF:2
FNH:1
FNDA:3,(anonymous_0)
FNDA:0,(anonymous_1)
DA:10,3
DA:40,3
DA:45,3
DA:46,3
DA:47,3
DA:48,0
DA:49,0
DA:52,3
DA:54,3
LF:9
LH:7
BRF:0
BRH:0
end_of_record
TN:
SF:src/components/organisms/BookCategories/index.stories.tsx
FN:11,(anonymous_0)
FNF:1
FNH:0
FNDA:0,(anonymous_0)
DA:11,0
DA:14,0
DA:15,0
DA:20,0
DA:21,0
DA:26,0
DA:27,0
LF:7
LH:0
BRF:0
BRH:0
end_of_record
TN:
SF:src/components/organisms/BookCategories/index.tsx
FN:42,(anonymous_0)
FN:49,(anonymous_1)
FN:51,(anonymous_2)
FN:55,(anonymous_3)
FN:60,(anonymous_4)
FN:65,(anonymous_5)
FN:79,(anonymous_6)
FNF:7
FNH:7
FNDA:6,(anonymous_0)
FNDA:3,(anonymous_1)
FNDA:11,(anonymous_2)
FNDA:11,(anonymous_3)
FNDA:11,(anonymous_4)
FNDA:3,(anonymous_5)
FNDA:45,(anonymous_6)
DA:26,1
DA:34,1
DA:42,1
DA:43,6
DA:44,6
DA:45,6
DA:47,6
DA:49,6
DA:50,3
DA:51,11
DA:52,1
DA:54,2
DA:55,11
DA:56,1
DA:59,1
DA:60,11
DA:61,1
DA:65,6
DA:66,3
DA:67,1
DA:68,2
DA:69,1
DA:71,1
DA:75,6
DA:80,45
LF:25
LH:25
BRDA:50,0,0,1
BRDA:50,0,1,2
BRDA:54,1,0,1
BRDA:54,1,1,1
BRDA:59,2,0,1
BRDA:59,2,1,0
BRDA:66,3,0,1
BRDA:66,3,1,2
BRDA:68,4,0,1
BRDA:68,4,1,1
BRF:10
BRH:9
end_of_record
TN:
SF:src/components/organisms/BookDescription/index.stories.tsx
FN:10,(anonymous_0)
FNF:1
FNH:0
FNDA:0,(anonymous_0)
DA:10,0
DA:12,0
DA:13,0
LF:3
LH:0
BRF:0
BRH:0
end_of_record
TN:
SF:src/components/organisms/BookDescription/index.tsx
FN:69,(anonymous_0)
FN:85,(anonymous_1)
FN:92,(anonymous_2)
FN:98,(anonymous_3)
FN:107,(anonymous_4)
FN:148,(anonymous_5)
FN:161,(anonymous_6)
FNF:7
FNH:3
FNDA:2,(anonymous_0)
FNDA:2,(anonymous_1)
FNDA:2,(anonymous_2)
FNDA:0,(anonymous_3)
FNDA:0,(anonymous_4)
FNDA:0,(anonymous_5)
FNDA:0,(anonymous_6)
DA:17,2
DA:25,2
DA:30,2
DA:35,2
DA:43,2
DA:49,2
DA:57,2
DA:62,2
DA:69,2
DA:70,2
DA:85,2
DA:86,2
DA:87,0
DA:88,0
DA:89,0
DA:92,2
DA:93,2
DA:96,2
DA:98,2
DA:99,0
DA:100,0
DA:102,0
DA:104,0
DA:107,2
DA:108,0
DA:111,2
DA:148,0
DA:161,0
LF:28
LH:18
BRF:0
BRH:0
end_of_record
TN:
SF:src/components/organisms/Card/index.stories.tsx
FN:11,(anonymous_0)
FNF:1
FNH:0
FNDA:0,(anonymous_0)
DA:11,0
DA:13,0
DA:14,0
DA:23,0
DA:24,0
DA:33,0
DA:34,0
LF:7
LH:0
BRF:0
BRH:0
end_of_record
TN:
SF:src/components/organisms/Card/index.tsx
FN:133,(anonymous_0)
FN:139,(anonymous_1)
FN:146,(anonymous_2)
FN:165,(anonymous_3)
FN:166,(anonymous_4)
FN:177,(anonymous_5)
FN:185,(anonymous_6)
FN:198,(anonymous_7)
FN:236,(anonymous_8)
FN:255,(anonymous_9)
FN:275,(anonymous_10)
FNF:11
FNH:3
FNDA:49,(anonymous_0)
FNDA:0,(anonymous_1)
FNDA:0,(anonymous_2)
FNDA:48,(anonymous_3)
FNDA:48,(anonymous_4)
FNDA:0,(anonymous_5)
FNDA:0,(anonymous_6)
FNDA:0,(anonymous_7)
FNDA:0,(anonymous_8)
FNDA:0,(anonymous_9)
FNDA:0,(anonymous_10)
DA:15,3
DA:23,3
DA:29,3
DA:37,3
DA:45,3
DA:51,3
DA:57,3
DA:62,3
DA:133,3
DA:134,49
DA:135,49
DA:137,49
DA:139,49
DA:140,0
DA:146,49
DA:147,0
DA:150,49
DA:165,49
DA:166,48
DA:167,48
DA:168,47
DA:169,0
DA:170,0
DA:174,48
DA:177,49
DA:178,0
DA:179,0
DA:180,0
DA:182,0
DA:185,49
DA:186,0
DA:187,0
DA:190,0
DA:193,0
DA:196,49
DA:198,49
DA:199,0
DA:202,49
DA:236,0
DA:255,0
DA:275,0
LF:41
LH:25
BRDA:167,0,0,47
BRDA:167,0,1,1
BRDA:167,1,0,48
BRDA:167,1,1,47
BRDA:186,2,0,0
BRDA:186,2,1,0
BRDA:223,3,0,1
BRDA:223,3,1,48
BRDA:228,4,0,25
BRDA:228,4,1,24
BRDA:234,5,0,2
BRDA:234,5,1,47
BRDA:253,6,0,1
BRDA:253,6,1,48
BRDA:273,7,0,46
BRDA:273,7,1,3
BRF:16
BRH:14
end_of_record
TN:
SF:src/components/organisms/ExtendedNav/index.stories.tsx
FN:9,(anonymous_0)
FNF:1
FNH:0
FNDA:0,(anonymous_0)
DA:9,0
DA:11,0
DA:12,0
LF:3
LH:0
BRF:0
BRH:0
end_of_record
TN:
SF:src/components/organisms/ExtendedNav/index.tsx
FN:70,(anonymous_0)
FN:74,(anonymous_1)
FN:87,(anonymous_2)
FNF:3
FNH:2
FNDA:4,(anonymous_0)
FNDA:0,(anonymous_1)
FNDA:36,(anonymous_2)
DA:9,3
DA:15,3
DA:70,3
DA:71,4
DA:73,2
DA:74,2
DA:75,0
DA:78,2
DA:88,36
LF:9
LH:8
BRF:0
BRH:0
end_of_record
TN:
SF:src/components/organisms/Footer/index.stories.tsx
FN:10,(anonymous_0)
FNF:1
FNH:0
FNDA:0,(anonymous_0)
DA:10,0
DA:12,0
DA:14,0
LF:3
LH:0
BRF:0
BRH:0
end_of_record
TN:
SF:src/components/organisms/Footer/index.tsx
FN:65,(anonymous_0)
FNF:1
FNH:1
FNDA:2,(anonymous_0)
DA:10,2
DA:19,2
DA:25,2
DA:36,2
DA:44,2
DA:56,2
DA:65,2
DA:67,2
LF:8
LH:8
BRF:0
BRH:0
end_of_record
TN:
SF:src/components/organisms/Header/index.stories.tsx
FN:9,(anonymous_0)
FNF:1
FNH:0
FNDA:0,(anonymous_0)
DA:9,0
DA:11,0
LF:2
LH:0
BRF:0
BRH:0
end_of_record
TN:
SF:src/components/organisms/Header/index.tsx
FN:76,(anonymous_0)
FN:83,(anonymous_1)
FN:87,(anonymous_2)
FN:100,(anonymous_3)
FNF:4
FNH:2
FNDA:4,(anonymous_0)
FNDA:0,(anonymous_1)
FNDA:1,(anonymous_2)
FNDA:0,(anonymous_3)
DA:14,2
DA:26,2
DA:76,2
DA:77,4
DA:78,3
DA:79,3
DA:83,3
DA:84,0
DA:87,3
DA:88,1
DA:89,1
DA:90,0
DA:92,1
DA:96,3
DA:98,3
DA:100,3
DA:101,0
DA:104,3
LF:18
LH:15
BRDA:84,0,0,0
BRDA:84,0,1,0
BRDA:88,1,0,0
BRDA:88,1,1,1
BRDA:89,2,0,0
BRDA:89,2,1,1
BRDA:126,3,0,1
BRDA:126,3,1,2
BRDA:127,4,0,0
BRDA:127,4,1,3
BRF:10
BRH:5
end_of_record
TN:
SF:src/components/organisms/SearchBarFunction/index.tsx
FN:39,Sizes
FN:42,(anonymous_1)
FN:56,(anonymous_2)
FNF:3
FNH:0
FNDA:0,Sizes
FNDA:0,(anonymous_1)
FNDA:0,(anonymous_2)
DA:8,0
DA:40,0
DA:42,0
DA:43,0
DA:46,0
DA:56,0
LF:6
LH:0
BRF:0
BRH:0
end_of_record
TN:
SF:src/components/organisms/Tabs/index.stories.tsx
FN:9,(anonymous_0)
FNF:1
FNH:0
FNDA:0,(anonymous_0)
DA:9,0
DA:11,0
DA:12,0
LF:3
LH:0
BRF:0
BRH:0
end_of_record
TN:
SF:src/components/organisms/Tabs/index.tsx
FN:41,(anonymous_0)
FN:44,(anonymous_1)
FN:67,(anonymous_2)
FN:74,(anonymous_3)
FN:78,(anonymous_4)
FN:131,(anonymous_5)
FN:132,(anonymous_6)
FN:153,(anonymous_7)
FN:154,(anonymous_8)
FNF:9
FNH:6
FNDA:1,(anonymous_0)
FNDA:0,(anonymous_1)
FNDA:1,(anonymous_2)
FNDA:0,(anonymous_3)
FNDA:1,(anonymous_4)
FNDA:1,(anonymous_5)
FNDA:1,(anonymous_6)
FNDA:1,(anonymous_7)
FNDA:0,(anonymous_8)
DA:9,1
DA:14,1
DA:18,1
DA:27,1
DA:41,1
DA:42,1
DA:44,1
DA:45,0
DA:46,0
DA:49,1
DA:66,1
DA:67,1
DA:68,1
DA:69,0
DA:71,0
DA:74,1
DA:75,0
DA:78,1
DA:79,1
DA:82,1
DA:84,1
DA:131,1
DA:133,1
DA:153,1
DA:155,0
LF:25
LH:19
BRF:0
BRH:0
end_of_record
TN:
SF:src/components/templates/BookDetails/index.stories.tsx
FN:13,(anonymous_0)
FNF:1
FNH:0
FNDA:0,(anonymous_0)
DA:13,0
DA:15,0
DA:16,0
LF:3
LH:0
BRF:0
BRH:0
end_of_record
TN:
SF:src/components/templates/BookDetails/index.tsx
FN:21,(anonymous_0)
FNF:1
FNH:1
FNDA:1,(anonymous_0)
DA:11,1
DA:21,1
DA:22,1
DA:23,1
LF:4
LH:4
BRF:0
BRH:0
end_of_record
TN:
SF:src/components/templates/EntrepreneurshipCategory/index.stories.tsx
FN:16,(anonymous_0)
FNF:1
FNH:0
FNDA:0,(anonymous_0)
DA:16,0
DA:18,0
DA:19,0
LF:3
LH:0
BRF:0
BRH:0
end_of_record
TN:
SF:src/components/templates/EntrepreneurshipCategory/index.tsx
FN:59,(anonymous_0)
FNF:1
FNH:0
FNDA:0,(anonymous_0)
DA:14,0
DA:29,0
DA:35,0
DA:41,0
DA:47,0
DA:53,0
DA:59,0
DA:60,0
DA:61,0
LF:9
LH:0
BRF:0
BRH:0
end_of_record
TN:
SF:src/components/templates/MyLibrary/index.tsx
FN:39,(anonymous_0)
FNF:1
FNH:0
FNDA:0,(anonymous_0)
DA:14,0
DA:31,0
DA:39,0
DA:40,0
DA:41,0
LF:5
LH:0
BRF:0
BRH:0
end_of_record
TN:
SF:src/components/themes/theme.tsx
FNF:0
FNH:0
DA:3,9
LF:1
LH:1
BRF:0
BRH:0
end_of_record
TN:
SF:src/data/BannerData.tsx
FNF:0
FNH:0
DA:1,1
LF:1
LH:1
BRF:0
BRH:0
end_of_record
TN:
SF:src/data/Constants.tsx
FNF:0
FNH:0
DA:1,4
LF:1
LH:1
BRF:0
BRH:0
end_of_record
TN:
SF:src/data/ExtendedNavData.tsx
FNF:0
FNH:0
DA:20,3
LF:1
LH:1
BRF:0
BRH:0
end_of_record
TN:
SF:src/data/FooterNavData.tsx
FNF:0
FNH:0
DA:1,3
LF:1
LH:1
BRF:0
BRH:0
end_of_record
TN:
SF:src/data/Library.tsx
FNF:0
FNH:0
DA:13,1
LF:1
LH:1
BRF:0
BRH:0
end_of_record
TN:
SF:src/pages/BookDetails/index.tsx
FN:6,(anonymous_0)
FNF:1
FNH:0
FNDA:0,(anonymous_0)
DA:6,0
DA:7,0
LF:2
LH:0
BRF:0
BRH:0
end_of_record
TN:
SF:src/pages/Entrepreneurship/index.tsx
FN:8,(anonymous_0)
FNF:1
FNH:0
FNDA:0,(anonymous_0)
DA:8,0
DA:9,0
LF:2
LH:0
BRF:0
BRH:0
end_of_record
TN:
SF:src/pages/MyLibrary/index.tsx
FN:8,(anonymous_0)
FNF:1
FNH:0
FNDA:0,(anonymous_0)
DA:8,0
DA:9,0
LF:2
LH:0
BRF:0
BRH:0
end_of_record
